[0m2021.05.13 00:05:34 INFO  Started: Metals version 0.10.2 in workspace '/home/andysakov/Documents/code/scala/projectz/justbuy' for client vscode 1.56.0.[0m
[0m2021.05.13 00:05:37 INFO  time: initialize in 2.64s[0m
[0m2021.05.13 00:05:38 WARN  Build server is not auto-connectable.[0m
[0m2021.05.13 00:05:41 INFO  running '/usr/share/sbt/bin/sbt -Dbloop.export-jar-classifiers=sources bloopInstall'[0m
[0m2021.05.13 00:05:42 WARN  no build target for: /home/andysakov/Documents/code/scala/projectz/justbuy/project/project/metals.sbt[0m
[0m2021.05.13 00:05:42 INFO  skipping build import with status 'Started'[0m
[0m2021.05.13 00:05:43 ERROR [info] [launcher] getting org.scala-sbt sbt 1.5.1  (this may take some time)...[0m
[0m2021.05.13 00:05:45 INFO  no build target: using presentation compiler with only scala-library: 2.12.13[0m
[0m2021.05.13 00:06:26 ERROR downloading https://repo1.maven.org/maven2/org/scala-sbt/sbt/1.5.1/sbt-1.5.1.jar ...[0m
[0m2021.05.13 00:06:26 ERROR downloading https://repo1.maven.org/maven2/org/scala-lang/scala-library/2.12.13/scala-library-2.12.13.jar ...[0m
[0m2021.05.13 00:06:26 ERROR downloading https://repo1.maven.org/maven2/org/scala-sbt/io_2.12/1.5.0/io_2.12-1.5.0.jar ...[0m
[0m2021.05.13 00:06:26 ERROR downloading https://repo1.maven.org/maven2/org/scala-sbt/main_2.12/1.5.1/main_2.12-1.5.1.jar ...[0m
[0m2021.05.13 00:06:26 ERROR :: loading settings :: url = jar:file:/usr/share/sbt/bin/sbt-launch.jar!/org/apache/ivy/core/settings/ivysettings.xml[0m
[0m2021.05.13 00:06:26 ERROR :: loading settings :: url = jar:file:/usr/share/sbt/bin/sbt-launch.jar!/org/apache/ivy/core/settings/ivysettings.xml[0m
[0m2021.05.13 00:06:26 ERROR :: loading settings :: url = jar:file:/usr/share/sbt/bin/sbt-launch.jar!/org/apache/ivy/core/settings/ivysettings.xml[0m
[0m2021.05.13 00:06:26 ERROR :: loading settings :: url = jar:file:/usr/share/sbt/bin/sbt-launch.jar!/org/apache/ivy/core/settings/ivysettings.xml[0m
[0m2021.05.13 00:06:27 ERROR 	[SUCCESSFUL ] org.scala-sbt#sbt;1.5.1!sbt.jar (1260ms)[0m
[0m2021.05.13 00:06:27 ERROR downloading https://repo1.maven.org/maven2/org/scala-sbt/logic_2.12/1.5.1/logic_2.12-1.5.1.jar ...[0m
[0m2021.05.13 00:06:27 ERROR 	[SUCCESSFUL ] org.scala-sbt#logic_2.12;1.5.1!logic_2.12.jar (845ms)[0m
[0m2021.05.13 00:06:27 ERROR downloading https://repo1.maven.org/maven2/org/scala-sbt/actions_2.12/1.5.1/actions_2.12-1.5.1.jar ...[0m
[0m2021.05.13 00:06:29 ERROR 	[SUCCESSFUL ] org.scala-sbt#io_2.12;1.5.0!io_2.12.jar (3006ms)[0m
[0m2021.05.13 00:06:29 ERROR downloading https://repo1.maven.org/maven2/org/scala-sbt/main-settings_2.12/1.5.1/main-settings_2.12-1.5.1.jar ...[0m
[0m2021.05.13 00:06:31 ERROR 	[SUCCESSFUL ] org.scala-sbt#actions_2.12;1.5.1!actions_2.12.jar (2923ms)[0m
[0m2021.05.13 00:06:31 ERROR downloading https://repo1.maven.org/maven2/org/scala-sbt/run_2.12/1.5.1/run_2.12-1.5.1.jar ...[0m
[0m2021.05.13 00:06:32 ERROR 	[SUCCESSFUL ] org.scala-sbt#run_2.12;1.5.1!run_2.12.jar (1361ms)[0m
[0m2021.05.13 00:06:32 ERROR downloading https://repo1.maven.org/maven2/org/scala-sbt/command_2.12/1.5.1/command_2.12-1.5.1.jar ...[0m
[0m2021.05.13 00:06:34 ERROR 	[SUCCESSFUL ] org.scala-sbt#main-settings_2.12;1.5.1!main-settings_2.12.jar (4655ms)[0m
[0m2021.05.13 00:06:34 ERROR downloading https://repo1.maven.org/maven2/org/scala-sbt/collections_2.12/1.5.1/collections_2.12-1.5.1.jar ...[0m
[0m2021.05.13 00:06:35 ERROR 	[SUCCESSFUL ] org.scala-sbt#command_2.12;1.5.1!command_2.12.jar (3050ms)[0m
[0m2021.05.13 00:06:35 ERROR downloading https://repo1.maven.org/maven2/org/scala-sbt/scripted-plugin_2.12/1.5.1/scripted-plugin_2.12-1.5.1.jar ...[0m
[0m2021.05.13 00:06:35 ERROR 	[SUCCESSFUL ] org.scala-sbt#collections_2.12;1.5.1!collections_2.12.jar (2207ms)[0m
[0m2021.05.13 00:06:35 ERROR downloading https://repo1.maven.org/maven2/org/scala-sbt/zinc-lm-integration_2.12/1.5.1/zinc-lm-integration_2.12-1.5.1.jar ...[0m
[0m2021.05.13 00:06:35 ERROR 	[SUCCESSFUL ] org.scala-sbt#scripted-plugin_2.12;1.5.1!scripted-plugin_2.12.jar (542ms)[0m
[0m2021.05.13 00:06:35 ERROR downloading https://repo1.maven.org/maven2/org/scala-sbt/util-logging_2.12/1.5.1/util-logging_2.12-1.5.1.jar ...[0m
[0m2021.05.13 00:06:37 ERROR 	[SUCCESSFUL ] org.scala-sbt#zinc-lm-integration_2.12;1.5.1!zinc-lm-integration_2.12.jar (768ms)[0m
[0m2021.05.13 00:06:37 ERROR downloading https://repo1.maven.org/maven2/org/scala-sbt/launcher-interface/1.3.1/launcher-interface-1.3.1.jar ...[0m
[0m2021.05.13 00:06:37 ERROR 	[SUCCESSFUL ] org.scala-sbt#launcher-interface;1.3.1!launcher-interface.jar (749ms)[0m
[0m2021.05.13 00:06:37 ERROR downloading https://repo1.maven.org/maven2/io/get-coursier/lm-coursier-shaded_2.12/2.0.8/lm-coursier-shaded_2.12-2.0.8.jar ...[0m
[0m2021.05.13 00:06:39 ERROR 	[SUCCESSFUL ] org.scala-sbt#util-logging_2.12;1.5.1!util-logging_2.12.jar (2881ms)[0m
[0m2021.05.13 00:06:39 ERROR downloading https://repo1.maven.org/maven2/org/scala-sbt/librarymanagement-core_2.12/1.5.0/librarymanagement-core_2.12-1.5.0.jar ...[0m
[0m2021.05.13 00:06:41 ERROR 	[SUCCESSFUL ] org.scala-sbt#main_2.12;1.5.1!main_2.12.jar (14534ms)[0m
[0m2021.05.13 00:06:41 ERROR downloading https://repo1.maven.org/maven2/org/scala-sbt/librarymanagement-ivy_2.12/1.5.0/librarymanagement-ivy_2.12-1.5.0.jar ...[0m
[0m2021.05.13 00:06:42 ERROR 	[SUCCESSFUL ] org.scala-sbt#librarymanagement-core_2.12;1.5.0!librarymanagement-core_2.12.jar (3084ms)[0m
[0m2021.05.13 00:06:42 ERROR downloading https://repo1.maven.org/maven2/org/scala-sbt/compiler-interface/1.5.1/compiler-interface-1.5.1.jar ...[0m
[0m2021.05.13 00:06:43 ERROR 	[SUCCESSFUL ] org.scala-sbt#compiler-interface;1.5.1!compiler-interface.jar (1051ms)[0m
[0m2021.05.13 00:06:43 ERROR downloading https://repo1.maven.org/maven2/org/scala-sbt/zinc-compile_2.12/1.5.1/zinc-compile_2.12-1.5.1.jar ...[0m
[0m2021.05.13 00:06:43 ERROR 	[SUCCESSFUL ] org.scala-sbt#librarymanagement-ivy_2.12;1.5.0!librarymanagement-ivy_2.12.jar (2900ms)[0m
[0m2021.05.13 00:06:43 ERROR downloading https://repo1.maven.org/maven2/org/scala-sbt/util-relation_2.12/1.5.1/util-relation_2.12-1.5.1.jar ...[0m
[0m2021.05.13 00:06:43 ERROR 	[SUCCESSFUL ] org.scala-sbt#zinc-compile_2.12;1.5.1!zinc-compile_2.12.jar (925ms)[0m
[0m2021.05.13 00:06:43 ERROR downloading https://repo1.maven.org/maven2/org/scala-sbt/util-position_2.12/1.5.1/util-position_2.12-1.5.1.jar ...[0m
[0m2021.05.13 00:06:44 ERROR 	[SUCCESSFUL ] org.scala-sbt#util-relation_2.12;1.5.1!util-relation_2.12.jar (917ms)[0m
[0m2021.05.13 00:06:44 ERROR downloading https://repo1.maven.org/maven2/org/scala-lang/scala-reflect/2.12.13/scala-reflect-2.12.13.jar ...[0m
[0m2021.05.13 00:06:44 ERROR 	[SUCCESSFUL ] org.scala-sbt#util-position_2.12;1.5.1!util-position_2.12.jar (760ms)[0m
[0m2021.05.13 00:06:44 ERROR downloading https://repo1.maven.org/maven2/org/scala-sbt/completion_2.12/1.5.1/completion_2.12-1.5.1.jar ...[0m
[0m2021.05.13 00:06:48 ERROR 	[SUCCESSFUL ] org.scala-sbt#completion_2.12;1.5.1!completion_2.12.jar (2926ms)[0m
[0m2021.05.13 00:06:48 ERROR downloading https://repo1.maven.org/maven2/org/scala-sbt/task-system_2.12/1.5.1/task-system_2.12-1.5.1.jar ...[0m
[0m2021.05.13 00:06:49 ERROR 	[SUCCESSFUL ] org.scala-sbt#task-system_2.12;1.5.1!task-system_2.12.jar (1478ms)[0m
[0m2021.05.13 00:06:49 ERROR downloading https://repo1.maven.org/maven2/org/scala-sbt/tasks_2.12/1.5.1/tasks_2.12-1.5.1.jar ...[0m
[0m2021.05.13 00:06:50 ERROR 	[SUCCESSFUL ] org.scala-sbt#tasks_2.12;1.5.1!tasks_2.12.jar (1248ms)[0m
[0m2021.05.13 00:06:50 ERROR downloading https://repo1.maven.org/maven2/org/scala-sbt/testing_2.12/1.5.1/testing_2.12-1.5.1.jar ...[0m
[0m2021.05.13 00:06:52 ERROR 	[SUCCESSFUL ] org.scala-sbt#testing_2.12;1.5.1!testing_2.12.jar (1437ms)[0m
[0m2021.05.13 00:06:52 ERROR downloading https://repo1.maven.org/maven2/org/scala-sbt/util-tracking_2.12/1.5.1/util-tracking_2.12-1.5.1.jar ...[0m
[0m2021.05.13 00:06:53 ERROR 	[SUCCESSFUL ] org.scala-sbt#util-tracking_2.12;1.5.1!util-tracking_2.12.jar (1032ms)[0m
[0m2021.05.13 00:06:53 ERROR downloading https://repo1.maven.org/maven2/org/scala-sbt/zinc-classpath_2.12/1.5.1/zinc-classpath_2.12-1.5.1.jar ...[0m
[0m2021.05.13 00:06:54 ERROR 	[SUCCESSFUL ] org.scala-sbt#zinc-classpath_2.12;1.5.1!zinc-classpath_2.12.jar (1524ms)[0m
[0m2021.05.13 00:06:54 ERROR downloading https://repo1.maven.org/maven2/org/scala-sbt/zinc-apiinfo_2.12/1.5.1/zinc-apiinfo_2.12-1.5.1.jar ...[0m
[0m2021.05.13 00:06:56 ERROR 	[SUCCESSFUL ] org.scala-sbt#zinc-apiinfo_2.12;1.5.1!zinc-apiinfo_2.12.jar (1699ms)[0m
[0m2021.05.13 00:06:56 ERROR downloading https://repo1.maven.org/maven2/org/scala-sbt/zinc_2.12/1.5.1/zinc_2.12-1.5.1.jar ...[0m
[0m2021.05.13 00:06:56 ERROR 	[SUCCESSFUL ] org.scala-sbt#zinc_2.12;1.5.1!zinc_2.12.jar (977ms)[0m
[0m2021.05.13 00:06:56 ERROR downloading https://repo1.maven.org/maven2/org/scala-sbt/util-control_2.12/1.5.1/util-control_2.12-1.5.1.jar ...[0m
[0m2021.05.13 00:06:58 ERROR 	[SUCCESSFUL ] org.scala-sbt#util-control_2.12;1.5.1!util-control_2.12.jar (643ms)[0m
[0m2021.05.13 00:06:58 ERROR downloading https://repo1.maven.org/maven2/org/scala-sbt/jline/jline/2.14.7-sbt-a1b0ffbb8f64bb820f4f84a0c07a0c0964507493/jline-2.14.7-sbt-a1b0ffbb8f64bb820f4f84a0c07a0c0964507493.jar ...[0m
[0m2021.05.13 00:07:01 ERROR 	[SUCCESSFUL ] org.scala-sbt.jline#jline;2.14.7-sbt-a1b0ffbb8f64bb820f4f84a0c07a0c0964507493!jline.jar (2860ms)[0m
[0m2021.05.13 00:07:01 ERROR downloading https://repo1.maven.org/maven2/org/scala-sbt/util-interface/1.5.1/util-interface-1.5.1.jar ...[0m
[0m2021.05.13 00:07:01 ERROR 	[SUCCESSFUL ] org.scala-sbt#util-interface;1.5.1!util-interface.jar (743ms)[0m
[0m2021.05.13 00:07:01 ERROR downloading https://repo1.maven.org/maven2/org/scala-sbt/core-macros_2.12/1.5.1/core-macros_2.12-1.5.1.jar ...[0m
[0m2021.05.13 00:07:03 ERROR 	[SUCCESSFUL ] org.scala-sbt#core-macros_2.12;1.5.1!core-macros_2.12.jar (1543ms)[0m
[0m2021.05.13 00:07:03 ERROR downloading https://repo1.maven.org/maven2/org/scala-lang/scala-compiler/2.12.13/scala-compiler-2.12.13.jar ...[0m
[0m2021.05.13 00:07:03 ERROR 	[SUCCESSFUL ] org.scala-lang#scala-library;2.12.13!scala-library.jar (36996ms)[0m
[0m2021.05.13 00:07:03 ERROR downloading https://repo1.maven.org/maven2/org/scala-sbt/util-cache_2.12/1.5.1/util-cache_2.12-1.5.1.jar ...[0m
[0m2021.05.13 00:07:05 ERROR 	[SUCCESSFUL ] org.scala-sbt#util-cache_2.12;1.5.1!util-cache_2.12.jar (2060ms)[0m
[0m2021.05.13 00:07:05 ERROR downloading https://repo1.maven.org/maven2/org/scala-sbt/test-agent/1.5.1/test-agent-1.5.1.jar ...[0m
[0m2021.05.13 00:07:05 ERROR 	[SUCCESSFUL ] org.scala-sbt#test-agent;1.5.1!test-agent.jar (674ms)[0m
[0m2021.05.13 00:07:05 ERROR downloading https://repo1.maven.org/maven2/org/scala-sbt/compiler-bridge_2.12/1.5.1/compiler-bridge_2.12-1.5.1.jar ...[0m
[0m2021.05.13 00:07:07 ERROR 	[SUCCESSFUL ] org.scala-lang#scala-reflect;2.12.13!scala-reflect.jar (22690ms)[0m
[0m2021.05.13 00:07:07 ERROR downloading https://repo1.maven.org/maven2/org/scala-sbt/zinc-classfile_2.12/1.5.1/zinc-classfile_2.12-1.5.1.jar ...[0m
[0m2021.05.13 00:07:07 ERROR 	[SUCCESSFUL ] org.scala-sbt#compiler-bridge_2.12;1.5.1!compiler-bridge_2.12.jar (1879ms)[0m
[0m2021.05.13 00:07:07 ERROR downloading https://repo1.maven.org/maven2/org/scala-sbt/zinc-core_2.12/1.5.1/zinc-core_2.12-1.5.1.jar ...[0m
[0m2021.05.13 00:07:08 ERROR 	[SUCCESSFUL ] org.scala-sbt#zinc-classfile_2.12;1.5.1!zinc-classfile_2.12.jar (1000ms)[0m
[0m2021.05.13 00:07:08 ERROR downloading https://repo1.maven.org/maven2/org/scala-sbt/zinc-persist_2.12/1.5.1/zinc-persist_2.12-1.5.1.jar ...[0m
[0m2021.05.13 00:07:10 ERROR 	[SUCCESSFUL ] org.scala-sbt#zinc-persist_2.12;1.5.1!zinc-persist_2.12.jar (1547ms)[0m
[0m2021.05.13 00:07:10 ERROR downloading https://repo1.maven.org/maven2/org/scala-sbt/zinc-compile-core_2.12/1.5.1/zinc-compile-core_2.12-1.5.1.jar ...[0m
[0m2021.05.13 00:07:11 ERROR 	[SUCCESSFUL ] org.scala-sbt#zinc-core_2.12;1.5.1!zinc-core_2.12.jar (3038ms)[0m
[0m2021.05.13 00:07:11 ERROR downloading https://repo1.maven.org/maven2/org/scala-sbt/zinc-persist-core-assembly/1.5.1/zinc-persist-core-assembly-1.5.1.jar ...[0m
[0m2021.05.13 00:07:11 ERROR 	[SUCCESSFUL ] org.scala-sbt#zinc-compile-core_2.12;1.5.1!zinc-compile-core_2.12.jar (1385ms)[0m
[0m2021.05.13 00:07:11 ERROR downloading https://repo1.maven.org/maven2/org/scala-sbt/protocol_2.12/1.5.1/protocol_2.12-1.5.1.jar ...[0m
[0m2021.05.13 00:07:17 ERROR 	[SUCCESSFUL ] org.scala-sbt#protocol_2.12;1.5.1!protocol_2.12.jar (6198ms)[0m
[0m2021.05.13 00:07:17 ERROR downloading https://repo1.maven.org/maven2/org/scala-lang/modules/scala-collection-compat_2.12/2.4.2/scala-collection-compat_2.12-2.4.2.jar ...[0m
[0m2021.05.13 00:07:19 ERROR 	[SUCCESSFUL ] org.scala-lang.modules#scala-collection-compat_2.12;2.4.2!scala-collection-compat_2.12.jar (1433ms)[0m
[0m2021.05.13 00:07:23 ERROR 	[SUCCESSFUL ] io.get-coursier#lm-coursier-shaded_2.12;2.0.8!lm-coursier-shaded_2.12.jar (45994ms)[0m
[0m2021.05.13 00:07:23 ERROR 	[SUCCESSFUL ] org.scala-sbt#zinc-persist-core-assembly;1.5.1!zinc-persist-core-assembly.jar (12764ms)[0m
[0m2021.05.13 00:07:40 ERROR 	[SUCCESSFUL ] org.scala-lang#scala-compiler;2.12.13!scala-compiler.jar (37211ms)[0m
[0m2021.05.13 00:07:40 ERROR :: retrieving :: org.scala-sbt#boot-app[0m
[0m2021.05.13 00:07:40 ERROR 	confs: [default][0m
[0m2021.05.13 00:07:40 ERROR 	83 artifacts copied, 0 already retrieved[0m
[0m2021.05.13 00:07:40 ERROR [info] [launcher] getting Scala 2.12.13 (for sbt)...[0m
[0m2021.05.13 00:07:40 ERROR :: retrieving :: org.scala-sbt#boot-scala[0m
[0m2021.05.13 00:07:40 ERROR 	confs: [default][0m
[0m2021.05.13 00:07:40 ERROR 	6 artifacts copied, 0 already retrieved[0m
[0m2021.05.13 00:07:43 INFO  [info] welcome to sbt 1.5.1 (N/A Java 15.0.2)[0m
[0m2021.05.13 00:07:45 INFO  [info] loading global plugins from /home/andysakov/.sbt/1.0/plugins[0m
[0m2021.05.13 00:07:50 WARN  no build target for: /home/andysakov/Documents/code/scala/projectz/justbuy/app/ErrorHandler.scala[0m
May 13, 2021 12:07:51 AM org.eclipse.lsp4j.jsonrpc.RemoteEndpoint fallbackResponseError
SEVERE: Internal error: java.util.NoSuchElementException: BatchedFunction
java.util.concurrent.CompletionException: java.util.NoSuchElementException: BatchedFunction
	at java.base/java.util.concurrent.CompletableFuture.encodeThrowable(CompletableFuture.java:331)
	at java.base/java.util.concurrent.CompletableFuture.completeThrowable(CompletableFuture.java:346)
	at java.base/java.util.concurrent.CompletableFuture$UniAccept.tryFire(CompletableFuture.java:704)
	at java.base/java.util.concurrent.CompletableFuture.postComplete(CompletableFuture.java:506)
	at java.base/java.util.concurrent.CompletableFuture.completeExceptionally(CompletableFuture.java:2152)
	at scala.meta.internal.metals.CancelTokens$.$anonfun$future$1(CancelTokens.scala:40)
	at scala.meta.internal.metals.CancelTokens$.$anonfun$future$1$adapted(CancelTokens.scala:38)
	at scala.concurrent.impl.CallbackRunnable.run(Promise.scala:64)
	at java.base/java.util.concurrent.ThreadPoolExecutor.runWorker(ThreadPoolExecutor.java:1130)
	at java.base/java.util.concurrent.ThreadPoolExecutor$Worker.run(ThreadPoolExecutor.java:630)
	at java.base/java.lang.Thread.run(Thread.java:832)
Caused by: java.util.NoSuchElementException: BatchedFunction
	at scala.meta.internal.metals.BatchedFunction.<init>(BatchedFunction.scala:59)
	at scala.meta.internal.metals.MetalsLanguageServer.<init>(MetalsLanguageServer.scala:186)
	at scala.meta.metals.Main$.main(Main.scala:51)
	at scala.meta.metals.Main.main(Main.scala)

[0m2021.05.13 00:07:52 INFO  time: code lens generation in 1.33s[0m
[0m2021.05.13 00:07:53 INFO  time: code lens generation in 1.59s[0m
[0m2021.05.13 00:08:22 INFO  [info] loading settings for project justbuy-build-build-build from metals.sbt ...[0m
[0m2021.05.13 00:08:22 INFO  [info] loading project definition from /home/andysakov/Documents/code/scala/projectz/justbuy/project/project/project[0m
[0m2021.05.13 00:08:26 INFO  [info] loading settings for project justbuy-build-build from metals.sbt ...[0m
[0m2021.05.13 00:08:26 INFO  [info] loading project definition from /home/andysakov/Documents/code/scala/projectz/justbuy/project/project[0m
[0m2021.05.13 00:08:40 INFO  [success] Generated .bloop/justbuy-build-build.json[0m
[0m2021.05.13 00:08:40 INFO  [success] Total time: 14 s, completed 13 May 2021, 00:08:40[0m
[0m2021.05.13 00:08:43 INFO  [info] loading settings for project justbuy-build from metals.sbt,plugins.sbt ...[0m
[0m2021.05.13 00:08:43 INFO  [info] loading project definition from /home/andysakov/Documents/code/scala/projectz/justbuy/project[0m
[0m2021.05.13 00:09:07 INFO  [success] Generated .bloop/justbuy-build.json[0m
[0m2021.05.13 00:09:07 INFO  [success] Total time: 25 s, completed 13 May 2021, 00:09:07[0m
[0m2021.05.13 00:09:13 ERROR /home/andysakov/Documents/code/scala/projectz/justbuy/build.sbt:27: warning: method in in trait ScopingSetting is deprecated (since 1.5.0): `in` is deprecated; migrate to slash syntax - https://www.scala-sbt.org/1.x/docs/Migrating-from-sbt-013x.html#slash[0m
[0m2021.05.13 00:09:13 ERROR fork in run := true[0m
[0m2021.05.13 00:09:13 ERROR      ^[0m
[0m2021.05.13 00:09:13 INFO  [info] loading settings for project root from build.sbt ...[0m
[0m2021.05.13 00:09:13 INFO  [info] set current project to justbuy (in build file:/home/andysakov/Documents/code/scala/projectz/justbuy/)[0m
[0m2021.05.13 00:09:33 WARN  no build target for: /home/andysakov/Documents/code/scala/projectz/justbuy/build.sbt[0m
May 13, 2021 12:09:33 AM org.eclipse.lsp4j.jsonrpc.RemoteEndpoint fallbackResponseError
SEVERE: Internal error: java.util.NoSuchElementException: BatchedFunction
java.util.concurrent.CompletionException: java.util.NoSuchElementException: BatchedFunction
	at java.base/java.util.concurrent.CompletableFuture.encodeThrowable(CompletableFuture.java:331)
	at java.base/java.util.concurrent.CompletableFuture.completeThrowable(CompletableFuture.java:346)
	at java.base/java.util.concurrent.CompletableFuture$UniAccept.tryFire(CompletableFuture.java:704)
	at java.base/java.util.concurrent.CompletableFuture.postComplete(CompletableFuture.java:506)
	at java.base/java.util.concurrent.CompletableFuture.completeExceptionally(CompletableFuture.java:2152)
	at scala.meta.internal.metals.CancelTokens$.$anonfun$future$1(CancelTokens.scala:40)
	at scala.meta.internal.metals.CancelTokens$.$anonfun$future$1$adapted(CancelTokens.scala:38)
	at scala.concurrent.impl.CallbackRunnable.run(Promise.scala:64)
	at java.base/java.util.concurrent.ThreadPoolExecutor.runWorker(ThreadPoolExecutor.java:1130)
	at java.base/java.util.concurrent.ThreadPoolExecutor$Worker.run(ThreadPoolExecutor.java:630)
	at java.base/java.lang.Thread.run(Thread.java:832)
Caused by: java.util.NoSuchElementException: BatchedFunction
	at scala.meta.internal.metals.BatchedFunction.<init>(BatchedFunction.scala:59)
	at scala.meta.internal.metals.MetalsLanguageServer.<init>(MetalsLanguageServer.scala:186)
	at scala.meta.metals.Main$.main(Main.scala:51)
	at scala.meta.metals.Main.main(Main.scala)

[0m2021.05.13 00:09:35 INFO  time: code lens generation in 1.4s[0m
[0m2021.05.13 00:09:35 INFO  time: code lens generation in 1.39s[0m
May 13, 2021 12:10:20 AM org.eclipse.lsp4j.jsonrpc.RemoteEndpoint handleCancellation
WARNING: Unmatched cancel notification for request id 18
May 13, 2021 12:10:20 AM org.eclipse.lsp4j.jsonrpc.RemoteEndpoint fallbackResponseError
SEVERE: Internal error: java.util.NoSuchElementException: BatchedFunction
java.util.concurrent.CompletionException: java.util.NoSuchElementException: BatchedFunction
	at java.base/java.util.concurrent.CompletableFuture.encodeThrowable(CompletableFuture.java:331)
	at java.base/java.util.concurrent.CompletableFuture.completeThrowable(CompletableFuture.java:346)
	at java.base/java.util.concurrent.CompletableFuture$UniAccept.tryFire(CompletableFuture.java:704)
	at java.base/java.util.concurrent.CompletableFuture.postComplete(CompletableFuture.java:506)
	at java.base/java.util.concurrent.CompletableFuture.completeExceptionally(CompletableFuture.java:2152)
	at scala.meta.internal.metals.CancelTokens$.$anonfun$future$1(CancelTokens.scala:40)
	at scala.meta.internal.metals.CancelTokens$.$anonfun$future$1$adapted(CancelTokens.scala:38)
	at scala.concurrent.impl.CallbackRunnable.run(Promise.scala:64)
	at java.base/java.util.concurrent.ThreadPoolExecutor.runWorker(ThreadPoolExecutor.java:1130)
	at java.base/java.util.concurrent.ThreadPoolExecutor$Worker.run(ThreadPoolExecutor.java:630)
	at java.base/java.lang.Thread.run(Thread.java:832)
Caused by: java.util.NoSuchElementException: BatchedFunction
	at scala.meta.internal.metals.BatchedFunction.<init>(BatchedFunction.scala:59)
	at scala.meta.internal.metals.MetalsLanguageServer.<init>(MetalsLanguageServer.scala:186)
	at scala.meta.metals.Main$.main(Main.scala:51)
	at scala.meta.metals.Main.main(Main.scala)

[0m2021.05.13 00:10:54 INFO  [success] Generated .bloop/root.json[0m
[0m2021.05.13 00:10:54 INFO  [success] Generated .bloop/root-test.json[0m
[0m2021.05.13 00:10:54 INFO  [success] Total time: 99 s (01:39), completed 13 May 2021, 00:10:54[0m
[0m2021.05.13 00:10:54 INFO  sbt bloopInstall exit: 0[0m
[0m2021.05.13 00:10:55 INFO  time: ran 'sbt bloopInstall' in 5m13s[0m
[0m2021.05.13 00:10:56 INFO  Attempting to connect to the build server...[0m
Starting the bsp launcher for bloop...
Opening a bsp server connection with 'bsp --protocol local --socket /tmp/bsp-launcher5102427163458059436/bsp.socket'...
Waiting for the bsp connection to come up...
[0m[32m[D][0m Loading 2 projects from '/home/andysakov/Documents/code/scala/projectz/justbuy/.bloop'...
[0m[32m[D][0m Loading project from '/home/andysakov/Documents/code/scala/projectz/justbuy/.bloop/root-test.json'
[0m[32m[D][0m Loading project from '/home/andysakov/Documents/code/scala/projectz/justbuy/.bloop/root.json'
[0m[32m[D][0m Waiting for a connection at local:///tmp/bsp-launcher5102427163458059436/bsp.socket...
The server is listening for incoming connections at local:///tmp/bsp-launcher5102427163458059436/bsp.socket...
Starting thread that pumps stdin and redirects it to the bsp server...
Starting thread that pumps server stdout and redirects it to the client stdout...
[0m2021.05.13 00:10:56 INFO  tracing is enabled: /home/andysakov/.cache/metals/bsp.trace.json[0m
[0m2021.05.13 00:10:56 INFO  Attempting to connect to the build server...[0m
[0m2021.05.13 00:10:56 INFO  Attempting to connect to the build server...[0m
Starting the bsp launcher for bloop...
Opening a bsp server connection with 'bsp --protocol local --socket /tmp/bsp-launcher14978710803319981763/bsp.socket'...
Waiting for the bsp connection to come up...
Starting the bsp launcher for bloop...
Opening a bsp server connection with 'bsp --protocol local --socket /tmp/bsp-launcher3200766752836834693/bsp.socket'...
Waiting for the bsp connection to come up...
[0m[32m[D][0m Loading workspace settings from bloop.settings.json
[0m[32m[D][0m Waiting for a connection at local:///tmp/bsp-launcher3200766752836834693/bsp.socket...
The server is listening for incoming connections at local:///tmp/bsp-launcher3200766752836834693/bsp.socket...
Starting thread that pumps stdin and redirects it to the bsp server...
Starting thread that pumps server stdout and redirects it to the client stdout...
[0m2021.05.13 00:10:56 INFO  tracing is enabled: /home/andysakov/.cache/metals/bsp.trace.json[0m
[0m[32m[D][0m Loading workspace settings from bloop.settings.json
[0m[32m[D][0m Waiting for a connection at local:///tmp/bsp-launcher14978710803319981763/bsp.socket...
The server is listening for incoming connections at local:///tmp/bsp-launcher14978710803319981763/bsp.socket...
Starting thread that pumps stdin and redirects it to the bsp server...
Starting thread that pumps server stdout and redirects it to the client stdout...
[0m2021.05.13 00:10:56 INFO  tracing is enabled: /home/andysakov/.cache/metals/bsp.trace.json[0m
[0m2021.05.13 00:11:16 INFO  Attempting to connect to the build server...[0m
Starting the bsp launcher for bloop...
Opening a bsp server connection with 'bsp --protocol local --socket /tmp/bsp-launcher5866045927221185352/bsp.socket'...
Waiting for the bsp connection to come up...
[0m[32m[D][0m Loading workspace settings from bloop.settings.json
[0m[32m[D][0m Waiting for a connection at local:///tmp/bsp-launcher5866045927221185352/bsp.socket...
The server is listening for incoming connections at local:///tmp/bsp-launcher5866045927221185352/bsp.socket...
Starting thread that pumps stdin and redirects it to the bsp server...
Starting thread that pumps server stdout and redirects it to the client stdout...
[0m2021.05.13 00:11:16 INFO  tracing is enabled: /home/andysakov/.cache/metals/bsp.trace.json[0m
[0m2021.05.13 00:11:16 INFO  Attempting to connect to the build server...[0m
Starting the bsp launcher for bloop...
Opening a bsp server connection with 'bsp --protocol local --socket /tmp/bsp-launcher5114520109602000241/bsp.socket'...
Waiting for the bsp connection to come up...
[0m2021.05.13 00:11:16 INFO  Attempting to connect to the build server...[0m
Starting the bsp launcher for bloop...
Opening a bsp server connection with 'bsp --protocol local --socket /tmp/bsp-launcher15313533136343568743/bsp.socket'...
Waiting for the bsp connection to come up...
[0m[32m[D][0m Loading workspace settings from bloop.settings.json
[0m[32m[D][0m Waiting for a connection at local:///tmp/bsp-launcher5114520109602000241/bsp.socket...
The server is listening for incoming connections at local:///tmp/bsp-launcher5114520109602000241/bsp.socket...
Starting thread that pumps stdin and redirects it to the bsp server...
Starting thread that pumps server stdout and redirects it to the client stdout...
[0m2021.05.13 00:11:16 INFO  tracing is enabled: /home/andysakov/.cache/metals/bsp.trace.json[0m
[0m[32m[D][0m Loading workspace settings from bloop.settings.json
[0m[32m[D][0m Waiting for a connection at local:///tmp/bsp-launcher15313533136343568743/bsp.socket...
The server is listening for incoming connections at local:///tmp/bsp-launcher15313533136343568743/bsp.socket...
Starting thread that pumps stdin and redirects it to the bsp server...
Starting thread that pumps server stdout and redirects it to the client stdout...
[0m2021.05.13 00:11:16 INFO  tracing is enabled: /home/andysakov/.cache/metals/bsp.trace.json[0m
No more data in the client stdin, exiting...
[0m2021.05.13 00:11:16 ERROR Timeout waiting for 'build/initialize' response[0m
[0m2021.05.13 00:11:16 WARN  Retrying connection to the build server Bloop[0m
Starting the bsp launcher for bloop...
Opening a bsp server connection with 'bsp --protocol local --socket /tmp/bsp-launcher14089591156169662693/bsp.socket'...
Waiting for the bsp connection to come up...
[0m[32m[D][0m Loading workspace settings from bloop.settings.json
[0m[32m[D][0m Waiting for a connection at local:///tmp/bsp-launcher14089591156169662693/bsp.socket...
The server is listening for incoming connections at local:///tmp/bsp-launcher14089591156169662693/bsp.socket...
Starting thread that pumps stdin and redirects it to the bsp server...
Starting thread that pumps server stdout and redirects it to the client stdout...
[0m2021.05.13 00:11:16 INFO  tracing is enabled: /home/andysakov/.cache/metals/bsp.trace.json[0m
[0m2021.05.13 00:11:16 ERROR Timeout waiting for 'build/initialize' response[0m
No more data in the client stdin, exiting...
[0m2021.05.13 00:11:16 WARN  Retrying connection to the build server Bloop[0m
Starting the bsp launcher for bloop...
Opening a bsp server connection with 'bsp --protocol local --socket /tmp/bsp-launcher2210816913060652069/bsp.socket'...
Waiting for the bsp connection to come up...
[0m[32m[D][0m Loading workspace settings from bloop.settings.json
[0m[32m[D][0m Waiting for a connection at local:///tmp/bsp-launcher2210816913060652069/bsp.socket...
The server is listening for incoming connections at local:///tmp/bsp-launcher2210816913060652069/bsp.socket...
Starting thread that pumps stdin and redirects it to the bsp server...
Starting thread that pumps server stdout and redirects it to the client stdout...
[0m2021.05.13 00:11:16 INFO  tracing is enabled: /home/andysakov/.cache/metals/bsp.trace.json[0m
[0m2021.05.13 00:11:19 INFO  time: Connected to build server in 23s[0m
[0m2021.05.13 00:11:19 INFO  Connected to Build server: Bloop v1.4.6[0m
No more data in the server stdin, exiting...
[0m2021.05.13 00:11:20 INFO  time: Connected to build server in 4.35s[0m
[0m2021.05.13 00:11:20 INFO  Connected to Build server: Bloop v1.4.6[0m
[0m2021.05.13 00:11:20 INFO  time: Imported build in 0.23s[0m
[0m2021.05.13 00:11:20 INFO  time: Imported build in 0.82s[0m
[0m2021.05.13 00:11:20 WARN  File watching failed, indexes will not be updated.
java.nio.file.FileAlreadyExistsException: /home/andysakov/Documents/code/scala/projectz/justbuy/project/src
	at sun.nio.fs.UnixException.translateToIOException(UnixException.java:94)
	at sun.nio.fs.UnixException.rethrowAsIOException(UnixException.java:106)
	at sun.nio.fs.UnixException.rethrowAsIOException(UnixException.java:111)
	at sun.nio.fs.UnixFileSystemProvider.createDirectory(UnixFileSystemProvider.java:388)
	at java.nio.file.Files.createDirectory(Files.java:694)
	at scala.meta.internal.metals.MetalsEnrichments$XtensionAbsolutePathBuffers.$anonfun$createAndGetDirectories$1(MetalsEnrichments.scala:341)
	at scala.collection.immutable.List.map(List.scala:293)
	at scala.meta.internal.metals.MetalsEnrichments$XtensionAbsolutePathBuffers.createDirectoriesRec$1(MetalsEnrichments.scala:341)
	at scala.meta.internal.metals.MetalsEnrichments$XtensionAbsolutePathBuffers.createAndGetDirectories(MetalsEnrichments.scala:345)
	at scala.meta.internal.metals.FileWatcher.watch$1(FileWatcher.scala:95)
	at scala.meta.internal.metals.FileWatcher.$anonfun$restart$3(FileWatcher.scala:113)
	at scala.meta.internal.metals.FileWatcher.$anonfun$restart$3$adapted(FileWatcher.scala:113)
	at scala.collection.Iterator.foreach(Iterator.scala:943)
	at scala.collection.Iterator.foreach$(Iterator.scala:943)
	at scala.collection.AbstractIterator.foreach(Iterator.scala:1431)
	at scala.collection.MapLike$DefaultKeySet.foreach(MapLike.scala:181)
	at scala.meta.internal.metals.FileWatcher.restart(FileWatcher.scala:113)
	at scala.meta.internal.metals.MetalsLanguageServer.$anonfun$indexWorkspace$5(MetalsLanguageServer.scala:2216)
	at scala.runtime.java8.JFunction0$mcV$sp.apply(JFunction0$mcV$sp.java:23)
	at scala.meta.internal.metals.TimerProvider.timedThunk(TimerProvider.scala:25)
	at scala.meta.internal.metals.MetalsLanguageServer.indexWorkspace(MetalsLanguageServer.scala:2215)
	at scala.meta.internal.metals.MetalsLanguageServer.$anonfun$profiledIndexWorkspace$2(MetalsLanguageServer.scala:2140)
	at scala.runtime.java8.JFunction0$mcV$sp.apply(JFunction0$mcV$sp.java:23)
	at scala.meta.internal.metals.TimerProvider.timedThunk(TimerProvider.scala:25)
	at scala.meta.internal.metals.MetalsLanguageServer.$anonfun$profiledIndexWorkspace$1(MetalsLanguageServer.scala:2140)
	at scala.runtime.java8.JFunction0$mcV$sp.apply(JFunction0$mcV$sp.java:23)
	at scala.concurrent.Future$.$anonfun$apply$1(Future.scala:659)
	at scala.util.Success.$anonfun$map$1(Try.scala:255)
	at scala.util.Success.map(Try.scala:213)
	at scala.concurrent.Future.$anonfun$map$1(Future.scala:292)
	at scala.concurrent.impl.Promise.liftedTree1$1(Promise.scala:33)
	at scala.concurrent.impl.Promise.$anonfun$transform$1(Promise.scala:33)
	at scala.concurrent.impl.CallbackRunnable.run(Promise.scala:64)
	at java.util.concurrent.ThreadPoolExecutor.runWorker(ThreadPoolExecutor.java:1130)
	at java.util.concurrent.ThreadPoolExecutor$Worker.run(ThreadPoolExecutor.java:630)
	at java.lang.Thread.run(Thread.java:832)
[0m
[0m2021.05.13 00:11:26 WARN  Could not find java sources in Some(/usr/lib/jvm/java-15-openjdk/). Java symbols will not be available.[0m
[0m2021.05.13 00:11:26 WARN  Could not find java sources in Some(/usr/lib/jvm/java-15-openjdk/). Java symbols will not be available.[0m
[0m2021.05.13 00:11:26 ERROR unexpected error during source scanning
org.h2.jdbc.JdbcSQLIntegrityConstraintViolationException: Unique index or primary key violation: "PUBLIC.PRIMARY_KEY_E ON PUBLIC.INDEXED_JAR(MD5) VALUES ( /* 2 */ '209CA16CC328EECAF6F10FB11339F147' )"; SQL statement:
insert into indexed_jar (md5) values (?) [23505-200]
	at org.h2.message.DbException.getJdbcSQLException(DbException.java:459)
	at org.h2.message.DbException.getJdbcSQLException(DbException.java:429)
	at org.h2.message.DbException.get(DbException.java:205)
	at org.h2.message.DbException.get(DbException.java:181)
	at org.h2.index.BaseIndex.getDuplicateKeyException(BaseIndex.java:103)
	at org.h2.pagestore.db.PageBtree.find(PageBtree.java:120)
	at org.h2.pagestore.db.PageBtreeLeaf.addRow(PageBtreeLeaf.java:148)
	at org.h2.pagestore.db.PageBtreeLeaf.addRowTry(PageBtreeLeaf.java:101)
	at org.h2.pagestore.db.PageBtreeIndex.addRow(PageBtreeIndex.java:98)
	at org.h2.pagestore.db.PageBtreeIndex.add(PageBtreeIndex.java:89)
	at org.h2.pagestore.db.PageStoreTable.addRow(PageStoreTable.java:89)
	at org.h2.command.dml.Insert.insertRows(Insert.java:195)
	at org.h2.command.dml.Insert.update(Insert.java:151)
	at org.h2.command.CommandContainer.executeUpdateWithGeneratedKeys(CommandContainer.java:272)
	at org.h2.command.CommandContainer.update(CommandContainer.java:191)
	at org.h2.command.Command.executeUpdate(Command.java:251)
	at org.h2.jdbc.JdbcPreparedStatement.executeUpdateInternal(JdbcPreparedStatement.java:191)
	at org.h2.jdbc.JdbcPreparedStatement.executeUpdate(JdbcPreparedStatement.java:152)
	at scala.meta.internal.metals.JarTopLevels.putTopLevels(JarTopLevels.scala:75)
	at scala.meta.internal.metals.MetalsLanguageServer.$anonfun$addSourceJarSymbols$1(MetalsLanguageServer.scala:2359)
	at scala.meta.internal.mtags.OnDemandSymbolIndex.$anonfun$addSourceJarTopLevels$1(OnDemandSymbolIndex.scala:102)
	at scala.meta.internal.mtags.OnDemandSymbolIndex.tryRun(OnDemandSymbolIndex.scala:136)
	at scala.meta.internal.mtags.OnDemandSymbolIndex.addSourceJarTopLevels(OnDemandSymbolIndex.scala:101)
	at scala.meta.internal.metals.MetalsLanguageServer.addSourceJarSymbols(MetalsLanguageServer.scala:2345)
	at scala.meta.internal.metals.MetalsLanguageServer.$anonfun$indexDependencySources$6(MetalsLanguageServer.scala:2311)
	at scala.meta.internal.metals.MetalsLanguageServer.$anonfun$indexDependencySources$6$adapted(MetalsLanguageServer.scala:2302)
	at scala.collection.TraversableLike$WithFilter.$anonfun$foreach$1(TraversableLike.scala:985)
	at scala.collection.immutable.List.foreach(List.scala:431)
	at scala.collection.TraversableLike$WithFilter.foreach(TraversableLike.scala:984)
	at scala.meta.internal.metals.MetalsLanguageServer.$anonfun$indexDependencySources$3(MetalsLanguageServer.scala:2302)
	at scala.meta.internal.metals.MetalsLanguageServer.$anonfun$indexDependencySources$3$adapted(MetalsLanguageServer.scala:2301)
	at scala.Option.foreach(Option.scala:407)
	at scala.meta.internal.metals.MetalsLanguageServer.$anonfun$indexDependencySources$2(MetalsLanguageServer.scala:2301)
	at scala.meta.internal.metals.MetalsLanguageServer.$anonfun$indexDependencySources$2$adapted(MetalsLanguageServer.scala:2300)
	at scala.collection.Iterator.foreach(Iterator.scala:943)
	at scala.collection.Iterator.foreach$(Iterator.scala:943)
	at scala.collection.AbstractIterator.foreach(Iterator.scala:1431)
	at scala.collection.IterableLike.foreach(IterableLike.scala:74)
	at scala.collection.IterableLike.foreach$(IterableLike.scala:73)
	at scala.collection.AbstractIterable.foreach(Iterable.scala:56)
	at scala.meta.internal.metals.MetalsLanguageServer.indexDependencySources(MetalsLanguageServer.scala:2300)
	at scala.meta.internal.metals.MetalsLanguageServer.$anonfun$indexWorkspace$10(MetalsLanguageServer.scala:2246)
	at scala.runtime.java8.JFunction0$mcV$sp.apply(JFunction0$mcV$sp.java:23)
	at scala.meta.internal.metals.TimerProvider.timedThunk(TimerProvider.scala:25)
	at scala.meta.internal.metals.MetalsLanguageServer.indexWorkspace(MetalsLanguageServer.scala:2246)
	at scala.meta.internal.metals.MetalsLanguageServer.$anonfun$profiledIndexWorkspace$2(MetalsLanguageServer.scala:2140)
	at scala.runtime.java8.JFunction0$mcV$sp.apply(JFunction0$mcV$sp.java:23)
	at scala.meta.internal.metals.TimerProvider.timedThunk(TimerProvider.scala:25)
	at scala.meta.internal.metals.MetalsLanguageServer.$anonfun$profiledIndexWorkspace$1(MetalsLanguageServer.scala:2140)
	at scala.runtime.java8.JFunction0$mcV$sp.apply(JFunction0$mcV$sp.java:23)
	at scala.concurrent.Future$.$anonfun$apply$1(Future.scala:659)
	at scala.util.Success.$anonfun$map$1(Try.scala:255)
	at scala.util.Success.map(Try.scala:213)
	at scala.concurrent.Future.$anonfun$map$1(Future.scala:292)
	at scala.concurrent.impl.Promise.liftedTree1$1(Promise.scala:33)
	at scala.concurrent.impl.Promise.$anonfun$transform$1(Promise.scala:33)
	at scala.concurrent.impl.CallbackRunnable.run(Promise.scala:64)
	at java.util.concurrent.ThreadPoolExecutor.runWorker(ThreadPoolExecutor.java:1130)
	at java.util.concurrent.ThreadPoolExecutor$Worker.run(ThreadPoolExecutor.java:630)
	at java.lang.Thread.run(Thread.java:832)
[0m
[0m2021.05.13 00:11:29 INFO  time: indexed workspace in 9.22s[0m
[0m2021.05.13 00:11:30 INFO  time: indexed workspace in 9.53s[0m
[0m2021.05.13 00:11:40 INFO  Disconnecting from Bloop session...[0m
[0m2021.05.13 00:11:40 INFO  Shut down connection with build server.[0m
[0m2021.05.13 00:11:40 INFO  Shut down connection with build server.[0m
[0m2021.05.13 00:11:40 INFO  Shut down connection with build server.[0m
No more data in the client stdin, exiting...
No more data in the client stdin, exiting...
No more data in the client stdin, exiting...
No more data in the server stdin, exiting...
No more data in the server stdin, exiting...
No more data in the server stdin, exiting...
No more data in the server stdin, exiting...
No more data in the server stdin, exiting...
[0m2021.05.13 00:11:40 INFO  Attempting to connect to the build server...[0m
Starting the bsp launcher for bloop...
Opening a bsp server connection with 'bsp --protocol local --socket /tmp/bsp-launcher1554240554566652335/bsp.socket'...
Waiting for the bsp connection to come up...
No more data in the server stdin, exiting...
No more data in the server stdin, exiting...
No more data in the server stdin, exiting...
No more data in the server stdin, exiting...
No more data in the server stdin, exiting...
No more data in the server stdin, exiting...
No more data in the server stdin, exiting...
No more data in the server stdin, exiting...
Waiting for the bsp connection to come up...
Waiting for the bsp connection to come up...
Waiting for the bsp connection to come up...
Waiting for the bsp connection to come up...
Waiting for the bsp connection to come up...
Waiting for the bsp connection to come up...
Waiting for the bsp connection to come up...
Waiting for the bsp connection to come up...
Waiting for the bsp connection to come up...
Waiting for the bsp connection to come up...
Waiting for the bsp connection to come up...
Waiting for the bsp connection to come up...
Waiting for the bsp connection to come up...
Waiting for the bsp connection to come up...
Waiting for the bsp connection to come up...
Waiting for the bsp connection to come up...
Waiting for the bsp connection to come up...
Waiting for the bsp connection to come up...
Waiting for the bsp connection to come up...
Waiting for the bsp connection to come up...
Waiting for the bsp connection to come up...
No server running at 127.0.0.1:8212, let's fire one...
Resolving ch.epfl.scala:bloop-frontend_2.12:1.4.8-19-4d9f966b...
Starting bloop server at 127.0.0.1:8212...
Attempting a connection to the server...
Attempting a connection to the server...
Attempting a connection to the server...
Attempting a connection to the server...
Attempting a connection to the server...
Attempting a connection to the server...
Attempting a connection to the server...
Attempting a connection to the server...
Attempting a connection to the server...
Attempting a connection to the server...
Attempting a connection to the server...
Attempting a connection to the server...
Attempting a connection to the server...
Attempting a connection to the server...
Attempting a connection to the server...
Attempting a connection to the server...
[0m[32m[D][0m Loading workspace settings from bloop.settings.json
[0m[32m[D][0m Loading 2 projects from '/home/andysakov/Documents/code/scala/projectz/justbuy/.bloop'...
[0m[32m[D][0m Loading project from '/home/andysakov/Documents/code/scala/projectz/justbuy/.bloop/root.json'
[0m[32m[D][0m Loading project from '/home/andysakov/Documents/code/scala/projectz/justbuy/.bloop/root-test.json'
[0m[32m[D][0m Cache miss for scala instance org.scala-lang:scala-compiler:2.13.4.
[0m[32m[D][0m   => /home/andysakov/.cache/coursier/v1/https/repo1.maven.org/maven2/net/java/dev/jna/jna/5.3.1/jna-5.3.1.jar
[0m[32m[D][0m   => /home/andysakov/.cache/coursier/v1/https/repo1.maven.org/maven2/org/jline/jline/3.16.0/jline-3.16.0.jar
[0m[32m[D][0m   => /home/andysakov/.cache/coursier/v1/https/repo1.maven.org/maven2/org/scala-lang/scala-compiler/2.13.4/scala-compiler-2.13.4.jar
[0m[32m[D][0m   => /home/andysakov/.cache/coursier/v1/https/repo1.maven.org/maven2/org/scala-lang/scala-library/2.13.4/scala-library-2.13.4.jar
[0m[32m[D][0m   => /home/andysakov/.cache/coursier/v1/https/repo1.maven.org/maven2/org/scala-lang/scala-reflect/2.13.4/scala-reflect-2.13.4.jar
[0m[32m[D][0m Configured SemanticDB in projects 'root', 'root-test'
[0m[32m[D][0m Missing analysis file for project 'root'
[0m[32m[D][0m Missing analysis file for project 'root-test'
[0m[32m[D][0m Waiting for a connection at local:///tmp/bsp-launcher1554240554566652335/bsp.socket...
The server is listening for incoming connections at local:///tmp/bsp-launcher1554240554566652335/bsp.socket...
Starting thread that pumps stdin and redirects it to the bsp server...
Starting thread that pumps server stdout and redirects it to the client stdout...
[0m2021.05.13 00:12:02 INFO  tracing is enabled: /home/andysakov/.cache/metals/bsp.trace.json[0m
[0m2021.05.13 00:12:02 INFO  Attempting to connect to the build server...[0m
Starting the bsp launcher for bloop...
[0m2021.05.13 00:12:02 INFO  Attempting to connect to the build server...[0mOpening a bsp server connection with 'bsp --protocol local --socket /tmp/bsp-launcher4504416962846727274/bsp.socket'...

Waiting for the bsp connection to come up...
Starting the bsp launcher for bloop...
Opening a bsp server connection with 'bsp --protocol local --socket /tmp/bsp-launcher4144278967740641453/bsp.socket'...
Waiting for the bsp connection to come up...
[0m[32m[D][0m Loading workspace settings from bloop.settings.json
[0m[32m[D][0m Waiting for a connection at local:///tmp/bsp-launcher4144278967740641453/bsp.socket...
The server is listening for incoming connections at local:///tmp/bsp-launcher4144278967740641453/bsp.socket...
Starting thread that pumps stdin and redirects it to the bsp server...
Starting thread that pumps server stdout and redirects it to the client stdout...
[0m2021.05.13 00:12:02 INFO  tracing is enabled: /home/andysakov/.cache/metals/bsp.trace.json[0m
[0m[32m[D][0m Loading workspace settings from bloop.settings.json
[0m[32m[D][0m Waiting for a connection at local:///tmp/bsp-launcher4504416962846727274/bsp.socket...
The server is listening for incoming connections at local:///tmp/bsp-launcher4504416962846727274/bsp.socket...
Starting thread that pumps stdin and redirects it to the bsp server...
Starting thread that pumps server stdout and redirects it to the client stdout...
[0m2021.05.13 00:12:02 INFO  tracing is enabled: /home/andysakov/.cache/metals/bsp.trace.json[0m
[0m2021.05.13 00:12:02 INFO  time: Connected to build server in 22s[0m
[0m2021.05.13 00:12:02 INFO  Connected to Build server: Bloop v1.4.8-19-4d9f966b[0m
[0m2021.05.13 00:12:38 INFO  time: Imported build in 0.19s[0m
[0m2021.05.13 00:12:43 WARN  Could not find java sources in Some(/usr/lib/jvm/java-15-openjdk/). Java symbols will not be available.[0m
[0m2021.05.13 00:12:43 INFO  time: indexed workspace in 5.17s[0m
[0m2021.05.13 00:12:55 INFO  compiling root (27 scala sources and 1 java source)[0m
[0m2021.05.13 00:13:40 INFO  compiling root-test (1 scala source)[0m
[0m2021.05.13 00:13:41 INFO  time: compiled root in 46s[0m
[0m2021.05.13 00:13:43 INFO  time: compiled root-test in 2.97s[0m
[0m2021.05.13 00:14:31 INFO  compiling root (1 scala source)[0m
[0m2021.05.13 00:14:31 INFO  time: compiled root in 0.44s[0m
[0m2021.05.13 00:14:35 INFO  compiling root (1 scala source)[0m
[0m2021.05.13 00:14:35 INFO  time: compiled root in 0.12s[0m
[0m2021.05.13 00:14:37 INFO  compiling root (1 scala source)[0m
[0m2021.05.13 00:14:37 INFO  time: compiled root in 0.14s[0m
[0m2021.05.13 00:14:38 INFO  compiling root (1 scala source)[0m
[0m2021.05.13 00:14:38 INFO  time: compiled root in 0.12s[0m
[0m2021.05.13 00:14:39 INFO  compiling root (1 scala source)[0m
[0m2021.05.13 00:14:41 INFO  time: compiled root in 2.03s[0m
[0m2021.05.13 00:14:41 INFO  compiling root (1 scala source)[0m
[0m2021.05.13 00:14:44 INFO  time: compiled root in 2.14s[0m
[0m2021.05.13 00:14:46 INFO  compiling root (1 scala source)[0m
[0m2021.05.13 00:14:48 INFO  time: compiled root in 1.65s[0m
[0m2021.05.13 00:14:50 INFO  compiling root (1 scala source)[0m
[0m2021.05.13 00:14:52 INFO  time: compiled root in 1.17s[0m
May 13, 2021 12:16:55 AM org.eclipse.lsp4j.jsonrpc.services.GenericEndpoint notify
INFO: Unsupported notification method: $/setTraceNotification
[0m2021.05.13 00:24:02 INFO  time: code lens generation in 1.2s[0m
[0m2021.05.13 00:24:02 INFO  time: code lens generation in 3.47s[0m
[0m2021.05.13 00:24:02 INFO  time: code lens generation in 3.47s[0m
[0m2021.05.13 00:24:02 INFO  time: code lens generation in 1.2s[0m
[0m2021.05.13 00:24:35 INFO  running '/usr/share/sbt/bin/sbt -Dbloop.export-jar-classifiers=sources bloopInstall'[0m
[0m2021.05.13 00:24:52 INFO  [info] welcome to sbt 1.5.1 (N/A Java 15.0.2)[0m
[0m2021.05.13 00:25:05 INFO  [info] loading global plugins from /home/andysakov/.sbt/1.0/plugins[0m
[0m2021.05.13 00:25:21 INFO  [info] loading settings for project justbuy-build-build-build from metals.sbt ...[0m
[0m2021.05.13 00:25:21 INFO  [info] loading project definition from /home/andysakov/Documents/code/scala/projectz/justbuy/project/project/project[0m
[0m2021.05.13 00:25:26 INFO  [info] loading settings for project justbuy-build-build from metals.sbt ...[0m
[0m2021.05.13 00:25:26 INFO  [info] loading project definition from /home/andysakov/Documents/code/scala/projectz/justbuy/project/project[0m
[0m2021.05.13 00:25:40 INFO  [success] Generated .bloop/justbuy-build-build.json[0m
[0m2021.05.13 00:25:40 INFO  [success] Total time: 14 s, completed 13 May 2021, 00:25:41[0m
[0m2021.05.13 00:25:43 INFO  [info] loading settings for project justbuy-build from metals.sbt,plugins.sbt ...[0m
[0m2021.05.13 00:25:43 INFO  [info] loading project definition from /home/andysakov/Documents/code/scala/projectz/justbuy/project[0m
[0m2021.05.13 00:26:10 INFO  [success] Generated .bloop/justbuy-build.json[0m
[0m2021.05.13 00:26:12 INFO  [success] Total time: 29 s, completed 13 May 2021, 00:26:12[0m
[0m2021.05.13 00:26:18 ERROR /home/andysakov/Documents/code/scala/projectz/justbuy/build.sbt:27: warning: method in in trait ScopingSetting is deprecated (since 1.5.0): `in` is deprecated; migrate to slash syntax - https://www.scala-sbt.org/1.x/docs/Migrating-from-sbt-013x.html#slash[0m
[0m2021.05.13 00:26:18 ERROR fork in run := true[0m
[0m2021.05.13 00:26:18 ERROR      ^[0m
[0m2021.05.13 00:26:18 INFO  [info] loading settings for project root from build.sbt ...[0m
[0m2021.05.13 00:26:18 INFO  [info] set current project to justbuy (in build file:/home/andysakov/Documents/code/scala/projectz/justbuy/)[0m
[0m2021.05.13 00:26:21 INFO  [info] .env detected (fileName=.env). About to configure JVM System Environment with new map[0m
[0m2021.05.13 00:26:21 ERROR WARNING: An illegal reflective access operation has occurred[0m
[0m2021.05.13 00:26:21 ERROR WARNING: Illegal reflective access by au.com.onegeek.sbtdotenv.DirtyEnvironmentHack$ (file:/home/andysakov/.cache/coursier/v1/https/repo.scala-sbt.org/scalasbt/sbt-plugin-releases/au.com.onegeek/sbt-dotenv/scala_2.12/sbt_1.0/2.1.204/jars/sbt-dotenv.jar) to field java.lang.ProcessEnvironment.theEnvironment[0m
[0m2021.05.13 00:26:21 ERROR WARNING: Please consider reporting this to the maintainers of au.com.onegeek.sbtdotenv.DirtyEnvironmentHack$[0m
[0m2021.05.13 00:26:21 ERROR WARNING: Use --illegal-access=warn to enable warnings of further illegal reflective access operations[0m
[0m2021.05.13 00:26:21 ERROR WARNING: All illegal access operations will be denied in a future release[0m
[0m2021.05.13 00:26:21 INFO  [info] Configured .env environment[0m
[0m2021.05.13 00:26:35 INFO  [success] Generated .bloop/root-test.json[0m
[0m2021.05.13 00:26:35 INFO  [success] Generated .bloop/root.json[0m
[0m2021.05.13 00:26:35 INFO  [success] Total time: 13 s, completed 13 May 2021, 00:26:35[0m
[0m2021.05.13 00:26:35 INFO  sbt bloopInstall exit: 0[0m
[0m2021.05.13 00:26:36 INFO  time: ran 'sbt bloopInstall' in 2m[0m
[0m2021.05.13 00:26:36 INFO  Disconnecting from Bloop session...[0m
[0m2021.05.13 00:26:37 INFO  Shut down connection with build server.[0m
No more data in the client stdin, exiting...
[0m2021.05.13 00:26:37 INFO  Shut down connection with build server.[0m
No more data in the client stdin, exiting...
[0m2021.05.13 00:26:37 INFO  Shut down connection with build server.[0m
No more data in the client stdin, exiting...
[0m2021.05.13 00:26:37 INFO  Attempting to connect to the build server...[0m
Starting the bsp launcher for bloop...
Opening a bsp server connection with 'bsp --protocol local --socket /tmp/bsp-launcher11518925617518986711/bsp.socket'...
Waiting for the bsp connection to come up...
[0m[32m[D][0m Loading workspace settings from bloop.settings.json
[0m[32m[D][0m Waiting for a connection at local:///tmp/bsp-launcher11518925617518986711/bsp.socket...
The server is listening for incoming connections at local:///tmp/bsp-launcher11518925617518986711/bsp.socket...
No more data in the server stdin, exiting...
No more data in the server stdin, exiting...
No more data in the server stdin, exiting...
No more data in the server stdin, exiting...
No more data in the server stdin, exiting...
No more data in the server stdin, exiting...
Starting thread that pumps stdin and redirects it to the bsp server...
Starting thread that pumps server stdout and redirects it to the client stdout...
[0m2021.05.13 00:26:37 INFO  tracing is enabled: /home/andysakov/.cache/metals/bsp.trace.json[0m
[0m2021.05.13 00:26:37 INFO  Attempting to connect to the build server...[0m
Starting the bsp launcher for bloop...
Opening a bsp server connection with 'bsp --protocol local --socket /tmp/bsp-launcher5539047253188426091/bsp.socket'...
Waiting for the bsp connection to come up...
[0m2021.05.13 00:26:37 INFO  Attempting to connect to the build server...[0m
Starting the bsp launcher for bloop...
Opening a bsp server connection with 'bsp --protocol local --socket /tmp/bsp-launcher7365308878628540871/bsp.socket'...
Waiting for the bsp connection to come up...
[0m[32m[D][0m Loading workspace settings from bloop.settings.json
[0m[32m[D][0m Waiting for a connection at local:///tmp/bsp-launcher7365308878628540871/bsp.socket...
The server is listening for incoming connections at local:///tmp/bsp-launcher7365308878628540871/bsp.socket...
Starting thread that pumps stdin and redirects it to the bsp server...
Starting thread that pumps server stdout and redirects it to the client stdout...
[0m2021.05.13 00:26:37 INFO  tracing is enabled: /home/andysakov/.cache/metals/bsp.trace.json[0m
[0m[32m[D][0m Loading workspace settings from bloop.settings.json
[0m[32m[D][0m Waiting for a connection at local:///tmp/bsp-launcher5539047253188426091/bsp.socket...
The server is listening for incoming connections at local:///tmp/bsp-launcher5539047253188426091/bsp.socket...
Starting thread that pumps stdin and redirects it to the bsp server...
Starting thread that pumps server stdout and redirects it to the client stdout...
[0m2021.05.13 00:26:37 INFO  tracing is enabled: /home/andysakov/.cache/metals/bsp.trace.json[0m
[0m2021.05.13 00:26:37 INFO  time: Connected to build server in 0.46s[0m
[0m2021.05.13 00:26:37 INFO  Connected to Build server: Bloop v1.4.8-19-4d9f966b[0m
[0m2021.05.13 00:26:58 WARN  Could not find java sources in Some(/usr/lib/jvm/java-15-openjdk/). Java symbols will not be available.[0m
[0m2021.05.13 00:26:58 INFO  time: indexed workspace in 21s[0m
[0m2021.05.13 00:27:06 INFO  time: code lens generation in 2.75s[0m
[0m2021.05.13 00:27:06 INFO  time: code lens generation in 2.76s[0m
May 13, 2021 12:27:38 AM org.eclipse.lsp4j.jsonrpc.services.GenericEndpoint notify
INFO: Unsupported notification method: $/setTraceNotification
May 13, 2021 12:27:39 AM org.eclipse.lsp4j.jsonrpc.services.GenericEndpoint notify
INFO: Unsupported notification method: $/setTraceNotification
May 13, 2021 12:27:42 AM org.eclipse.lsp4j.jsonrpc.services.GenericEndpoint notify
INFO: Unsupported notification method: $/setTraceNotification
May 13, 2021 12:27:43 AM org.eclipse.lsp4j.jsonrpc.services.GenericEndpoint notify
INFO: Unsupported notification method: $/setTraceNotification
May 13, 2021 12:28:01 AM org.eclipse.lsp4j.jsonrpc.services.GenericEndpoint notify
INFO: Unsupported notification method: $/setTraceNotification
[0m2021.05.13 00:28:07 INFO  shutting down Metals[0m
[0m2021.05.13 00:28:07 INFO  Shut down connection with build server.[0m
[0m2021.05.13 00:28:07 INFO  Shut down connection with build server.[0mNo more data in the client stdin, exiting...
No more data in the server stdin, exiting...
No more data in the server stdin, exiting...

[0m2021.05.13 00:28:07 INFO  Shut down connection with build server.[0m
No more data in the client stdin, exiting...
No more data in the client stdin, exiting...
No more data in the server stdin, exiting...
No more data in the server stdin, exiting...
No more data in the server stdin, exiting...
No more data in the client stdin, exiting...
No more data in the client stdin, exiting...
No more data in the client stdin, exiting...
[0m2021.05.13 00:35:59 INFO  Started: Metals version 0.10.2 in workspace '/home/andysakov/Documents/code/scala/projectz/justbuy' for client vscode 1.56.0.[0m
[0m2021.05.13 00:36:07 INFO  time: initialize in 8.55s[0m
[0m2021.05.13 00:36:18 INFO  Attempting to connect to the build server...[0m
Starting the bsp launcher for bloop...
Opening a bsp server connection with 'bsp --protocol local --socket /tmp/bsp-launcher1233916459533713524/bsp.socket'...
Waiting for the bsp connection to come up...
Waiting for the bsp connection to come up...
[0m[32m[D][0m Loading workspace settings from bloop.settings.json
[0m[32m[D][0m Waiting for a connection at local:///tmp/bsp-launcher1233916459533713524/bsp.socket...
The server is listening for incoming connections at local:///tmp/bsp-launcher1233916459533713524/bsp.socket...
Starting thread that pumps stdin and redirects it to the bsp server...
Starting thread that pumps server stdout and redirects it to the client stdout...
[0m2021.05.13 00:36:25 INFO  tracing is enabled: /home/andysakov/.cache/metals/bsp.trace.json[0m
[0m2021.05.13 00:36:25 INFO  Attempting to connect to the build server...[0m
[0m2021.05.13 00:36:25 INFO  Starting the bsp launcher for bloop...
Attempting to connect to the build server...[0m
Opening a bsp server connection with 'bsp --protocol local --socket /tmp/bsp-launcher5037642793386531944/bsp.socket'...
Waiting for the bsp connection to come up...
Starting the bsp launcher for bloop...
Opening a bsp server connection with 'bsp --protocol local --socket /tmp/bsp-launcher9545062586905863862/bsp.socket'...
Waiting for the bsp connection to come up...
[0m[32m[D][0m Loading workspace settings from bloop.settings.json
[0m[32m[D][0m Waiting for a connection at local:///tmp/bsp-launcher5037642793386531944/bsp.socket...
The server is listening for incoming connections at local:///tmp/bsp-launcher5037642793386531944/bsp.socket...
Starting thread that pumps stdin and redirects it to the bsp server...
Starting thread that pumps server stdout and redirects it to the client stdout...
[0m2021.05.13 00:36:26 INFO  tracing is enabled: /home/andysakov/.cache/metals/bsp.trace.json[0m
[0m[32m[D][0m Loading workspace settings from bloop.settings.json
[0m[32m[D][0m Waiting for a connection at local:///tmp/bsp-launcher9545062586905863862/bsp.socket...
The server is listening for incoming connections at local:///tmp/bsp-launcher9545062586905863862/bsp.socket...
Starting thread that pumps stdin and redirects it to the bsp server...
Starting thread that pumps server stdout and redirects it to the client stdout...
[0m2021.05.13 00:36:26 INFO  tracing is enabled: /home/andysakov/.cache/metals/bsp.trace.json[0m
May 13, 2021 12:36:25 AM org.eclipse.lsp4j.jsonrpc.services.GenericEndpoint notify
INFO: Unsupported notification method: $/setTraceNotification
[0m2021.05.13 00:36:26 INFO  time: Connected to build server in 7.08s[0m
[0m2021.05.13 00:36:26 INFO  Connected to Build server: Bloop v1.4.8-19-4d9f966b[0m
[0m2021.05.13 00:36:26 INFO  time: Imported build in 0.11s[0m
[0m2021.05.13 00:36:28 INFO  running '/usr/share/sbt/bin/sbt --illegal-access=deny --add-opens java.base/java.util=ALL-UNNAMED --add-opens java.base/java.lang=ALL-UNNAMED -Dbloop.export-jar-classifiers=sources bloopInstall'[0m
May 13, 2021 12:36:28 AM com.zaxxer.nuprocess.linux.LinuxProcess start
WARNING: Failed to start process
java.io.IOException: error=2, No such file or directory
	at com.zaxxer.nuprocess.internal.LibJava10.Java_java_lang_ProcessImpl_forkAndExec(Native Method)
	at com.zaxxer.nuprocess.linux.LinuxProcess.prepareProcess(LinuxProcess.java:149)
	at com.zaxxer.nuprocess.linux.LinuxProcess.start(LinuxProcess.java:66)
	at com.zaxxer.nuprocess.linux.LinProcessFactory.createProcess(LinProcessFactory.java:40)
	at com.zaxxer.nuprocess.NuProcessBuilder.start(NuProcessBuilder.java:259)
	at scala.meta.internal.builds.ShellRunner.run(ShellRunner.scala:79)
	at scala.meta.internal.builds.BloopInstall.runArgumentsUnconditionally(BloopInstall.scala:70)
	at scala.meta.internal.builds.BloopInstall.$anonfun$runUnconditionally$1(BloopInstall.scala:44)
	at scala.meta.internal.builds.BloopInstallProvider.bloopInstall(BloopInstallProvider.scala:21)
	at scala.meta.internal.builds.BloopInstallProvider.bloopInstall$(BloopInstallProvider.scala:16)
	at scala.meta.internal.builds.SbtBuildTool.bloopInstall(SbtBuildTool.scala:15)
	at scala.meta.internal.builds.BloopInstall.runUnconditionally(BloopInstall.scala:42)
	at scala.meta.internal.builds.BloopInstall.$anonfun$runIfApproved$2(BloopInstall.scala:125)
	at scala.concurrent.Future.$anonfun$flatMap$1(Future.scala:307)
	at scala.concurrent.impl.Promise.$anonfun$transformWith$1(Promise.scala:41)
	at scala.concurrent.impl.CallbackRunnable.run(Promise.scala:64)
	at java.base/java.util.concurrent.ThreadPoolExecutor.runWorker(ThreadPoolExecutor.java:1130)
	at java.base/java.util.concurrent.ThreadPoolExecutor$Worker.run(ThreadPoolExecutor.java:630)
	at java.base/java.lang.Thread.run(Thread.java:832)

[0m2021.05.13 00:36:28 INFO  sbt bloopInstall exit: -2147483648[0m
[0m2021.05.13 00:36:28 INFO  time: ran 'sbt bloopInstall' in 0.11s[0m
[0m2021.05.13 00:36:28 INFO  Disconnecting from Bloop session...[0m
[0m2021.05.13 00:36:28 ERROR sbt command failed: /usr/share/sbt/bin/sbt --illegal-access=deny --add-opens java.base/java.util=ALL-UNNAMED --add-opens java.base/java.lang=ALL-UNNAMED -Dbloop.export-jar-classifiers=sources bloopInstall[0m
[0m2021.05.13 00:36:28 INFO  Shut down connection with build server.[0m
No more data in the client stdin, exiting...
[0m2021.05.13 00:36:28 INFO  Shut down connection with build server.[0m
No more data in the client stdin, exiting...
No more data in the server stdin, exiting...
No more data in the server stdin, exiting...
No more data in the server stdin, exiting...
[0m2021.05.13 00:36:28 INFO  Shut down connection with build server.[0m
No more data in the client stdin, exiting...
No more data in the server stdin, exiting...
No more data in the server stdin, exiting...
[0m2021.05.13 00:36:28 INFO  Attempting to connect to the build server...[0m
Starting the bsp launcher for bloop...
Opening a bsp server connection with 'bsp --protocol local --socket /tmp/bsp-launcher3975439038239245702/bsp.socket'...
Waiting for the bsp connection to come up...
[0m[32m[D][0m Loading workspace settings from bloop.settings.json
[0m[32m[D][0m Waiting for a connection at local:///tmp/bsp-launcher3975439038239245702/bsp.socket...
The server is listening for incoming connections at local:///tmp/bsp-launcher3975439038239245702/bsp.socket...
Starting thread that pumps stdin and redirects it to the bsp server...
Starting thread that pumps server stdout and redirects it to the client stdout...
[0m2021.05.13 00:36:28 INFO  tracing is enabled: /home/andysakov/.cache/metals/bsp.trace.json[0m
[0m2021.05.13 00:36:28 INFO  Attempting to connect to the build server...[0m
[0mStarting the bsp launcher for bloop...
Opening a bsp server connection with 'bsp --protocol local --socket /tmp/bsp-launcher12970253739363859486/bsp.socket'...
2021.05.13 00:36:28Waiting for the bsp connection to come up...
 INFO  Attempting to connect to the build server...[0m
Starting the bsp launcher for bloop...
Opening a bsp server connection with 'bsp --protocol local --socket /tmp/bsp-launcher5900129154402522274/bsp.socket'...
Waiting for the bsp connection to come up...
[0m[32m[D][0m Loading workspace settings from bloop.settings.json
[0m[32m[D][0m Waiting for a connection at local:///tmp/bsp-launcher12970253739363859486/bsp.socket...
The server is listening for incoming connections at local:///tmp/bsp-launcher12970253739363859486/bsp.socket...
Starting thread that pumps stdin and redirects it to the bsp server...
Starting thread that pumps server stdout and redirects it to the client stdout...
[0m2021.05.13 00:36:28 INFO  tracing is enabled: /home/andysakov/.cache/metals/bsp.trace.json[0m
[0m[32m[D][0m Loading workspace settings from bloop.settings.json
[0m[32m[D][0m Waiting for a connection at local:///tmp/bsp-launcher5900129154402522274/bsp.socket...
The server is listening for incoming connections at local:///tmp/bsp-launcher5900129154402522274/bsp.socket...
Starting thread that pumps stdin and redirects it to the bsp server...
Starting thread that pumps server stdout and redirects it to the client stdout...
[0m2021.05.13 00:36:28 INFO  tracing is enabled: /home/andysakov/.cache/metals/bsp.trace.json[0m
[0m2021.05.13 00:36:28 INFO  time: Connected to build server in 0.26s[0m
[0m2021.05.13 00:36:28 INFO  Connected to Build server: Bloop v1.4.8-19-4d9f966b[0m
[0m2021.05.13 00:36:56 INFO  running '/usr/share/sbt/bin/sbt --illegal-access=deny --add-opens java.base/java.util=ALL-UNNAMED --add-opens java.base/java.lang=ALL-UNNAMED -Dbloop.export-jar-classifiers=sources bloopInstall'[0m
May 13, 2021 12:36:56 AM com.zaxxer.nuprocess.linux.LinuxProcess start
WARNING: Failed to start process
java.io.IOException: error=2, No such file or directory
	at com.zaxxer.nuprocess.internal.LibJava10.Java_java_lang_ProcessImpl_forkAndExec(Native Method)
	at com.zaxxer.nuprocess.linux.LinuxProcess.prepareProcess(LinuxProcess.java:149)
	at com.zaxxer.nuprocess.linux.LinuxProcess.start(LinuxProcess.java:66)
	at com.zaxxer.nuprocess.linux.LinProcessFactory.createProcess(LinProcessFactory.java:40)
	at com.zaxxer.nuprocess.NuProcessBuilder.start(NuProcessBuilder.java:259)
	at scala.meta.internal.builds.ShellRunner.run(ShellRunner.scala:79)
	at scala.meta.internal.builds.BloopInstall.runArgumentsUnconditionally(BloopInstall.scala:70)
	at scala.meta.internal.builds.BloopInstall.$anonfun$runUnconditionally$1(BloopInstall.scala:44)
	at scala.meta.internal.builds.BloopInstallProvider.bloopInstall(BloopInstallProvider.scala:21)
	at scala.meta.internal.builds.BloopInstallProvider.bloopInstall$(BloopInstallProvider.scala:16)
	at scala.meta.internal.builds.SbtBuildTool.bloopInstall(SbtBuildTool.scala:15)
	at scala.meta.internal.builds.BloopInstall.runUnconditionally(BloopInstall.scala:42)
	at scala.meta.internal.metals.MetalsLanguageServer.slowConnectToBloopServer(MetalsLanguageServer.scala:1925)
	at scala.meta.internal.metals.MetalsLanguageServer.$anonfun$slowConnectToBuildServer$3(MetalsLanguageServer.scala:1908)
	at scala.concurrent.Future.$anonfun$flatMap$1(Future.scala:307)
	at scala.concurrent.impl.Promise.$anonfun$transformWith$1(Promise.scala:41)
	at scala.concurrent.impl.CallbackRunnable.run(Promise.scala:64)
	at java.base/java.util.concurrent.ThreadPoolExecutor.runWorker(ThreadPoolExecutor.java:1130)
	at java.base/java.util.concurrent.ThreadPoolExecutor$Worker.run(ThreadPoolExecutor.java:630)
	at java.base/java.lang.Thread.run(Thread.java:832)

[0m2021.05.13 00:36:56 INFO  sbt bloopInstall exit: -2147483648[0m
[0m2021.05.13 00:36:56 INFO  time: ran 'sbt bloopInstall' in 4ms[0m
[0m2021.05.13 00:36:56 ERROR sbt command failed: /usr/share/sbt/bin/sbt --illegal-access=deny --add-opens java.base/java.util=ALL-UNNAMED --add-opens java.base/java.lang=ALL-UNNAMED -Dbloop.export-jar-classifiers=sources bloopInstall[0m
[0m2021.05.13 00:36:56 INFO  Disconnecting from Bloop session...[0m
[0m2021.05.13 00:36:56 INFO  Shut down connection with build server.[0m
No more data in the client stdin, exiting...
No more data in the server stdin, exiting...
No more data in the server stdin, exiting...
[0m2021.05.13 00:36:56 INFO  Shut down connection with build server.[0m
No more data in the server stdin, exiting...
No more data in the server stdin, exiting...
No more data in the client stdin, exiting...
[0m2021.05.13 00:36:56 INFO  Shut down connection with build server.[0m
No more data in the client stdin, exiting...
No more data in the server stdin, exiting...
No more data in the server stdin, exiting...
[0m2021.05.13 00:36:56 INFO  Attempting to connect to the build server...[0m
Starting the bsp launcher for bloop...
Opening a bsp server connection with 'bsp --protocol local --socket /tmp/bsp-launcher9768918923665109433/bsp.socket'...
Waiting for the bsp connection to come up...
[0m[32m[D][0m Loading workspace settings from bloop.settings.json
[0m[32m[D][0m Waiting for a connection at local:///tmp/bsp-launcher9768918923665109433/bsp.socket...
The server is listening for incoming connections at local:///tmp/bsp-launcher9768918923665109433/bsp.socket...
Starting thread that pumps stdin and redirects it to the bsp server...
Starting thread that pumps server stdout and redirects it to the client stdout...
[0m2021.05.13 00:36:56 INFO  tracing is enabled: /home/andysakov/.cache/metals/bsp.trace.json[0m
[0m2021.05.13 00:36:56 INFO  Attempting to connect to the build server...[0m
Starting the bsp launcher for bloop...
Opening a bsp server connection with 'bsp --protocol local --socket /tmp/bsp-launcher895102289240775525/bsp.socket'...
[0m2021.05.13 00:36:56 INFO  Attempting to connect to the build server...[0m
Starting the bsp launcher for bloop...
Opening a bsp server connection with 'bsp --protocol local --socket /tmp/bsp-launcher3373852193349894624/bsp.socket'...
Waiting for the bsp connection to come up...
Waiting for the bsp connection to come up...
[0m[32m[D][0m Loading workspace settings from bloop.settings.json
[0m[32m[D][0m Waiting for a connection at local:///tmp/bsp-launcher3373852193349894624/bsp.socket...
The server is listening for incoming connections at local:///tmp/bsp-launcher3373852193349894624/bsp.socket...
Starting thread that pumps stdin and redirects it to the bsp server...
Starting thread that pumps server stdout and redirects it to the client stdout...
[0m2021.05.13 00:36:56 INFO  tracing is enabled: /home/andysakov/.cache/metals/bsp.trace.json[0m
[0m[32m[D][0m Loading workspace settings from bloop.settings.json
[0m[32m[D][0m Waiting for a connection at local:///tmp/bsp-launcher895102289240775525/bsp.socket...
The server is listening for incoming connections at local:///tmp/bsp-launcher895102289240775525/bsp.socket...
Starting thread that pumps stdin and redirects it to the bsp server...
Starting thread that pumps server stdout and redirects it to the client stdout...
[0m2021.05.13 00:36:56 INFO  tracing is enabled: /home/andysakov/.cache/metals/bsp.trace.json[0m
[0m2021.05.13 00:36:56 INFO  time: Connected to build server in 0.15s[0m
[0m2021.05.13 00:36:56 INFO  Connected to Build server: Bloop v1.4.8-19-4d9f966b[0m
[0m2021.05.13 00:37:01 INFO  running '/usr/share/sbt/bin/sbt --illegal-access=deny --add-opens java.base/java.util=ALL-UNNAMED --add-opens java.base/java.lang=ALL-UNNAMED -Dbloop.export-jar-classifiers=sources bloopInstall'[0m
May 13, 2021 12:37:01 AM com.zaxxer.nuprocess.linux.LinuxProcess start
WARNING: Failed to start process
java.io.IOException: error=2, No such file or directory
	at com.zaxxer.nuprocess.internal.LibJava10.Java_java_lang_ProcessImpl_forkAndExec(Native Method)
	at com.zaxxer.nuprocess.linux.LinuxProcess.prepareProcess(LinuxProcess.java:149)
	at com.zaxxer.nuprocess.linux.LinuxProcess.start(LinuxProcess.java:66)
	at com.zaxxer.nuprocess.linux.LinProcessFactory.createProcess(LinProcessFactory.java:40)
	at com.zaxxer.nuprocess.NuProcessBuilder.start(NuProcessBuilder.java:259)
	at scala.meta.internal.builds.ShellRunner.run(ShellRunner.scala:79)
	at scala.meta.internal.builds.BloopInstall.runArgumentsUnconditionally(BloopInstall.scala:70)
	at scala.meta.internal.builds.BloopInstall.$anonfun$runUnconditionally$1(BloopInstall.scala:44)
	at scala.meta.internal.builds.BloopInstallProvider.bloopInstall(BloopInstallProvider.scala:21)
	at scala.meta.internal.builds.BloopInstallProvider.bloopInstall$(BloopInstallProvider.scala:16)
	at scala.meta.internal.builds.SbtBuildTool.bloopInstall(SbtBuildTool.scala:15)
	at scala.meta.internal.builds.BloopInstall.runUnconditionally(BloopInstall.scala:42)
	at scala.meta.internal.metals.MetalsLanguageServer.slowConnectToBloopServer(MetalsLanguageServer.scala:1925)
	at scala.meta.internal.metals.MetalsLanguageServer.$anonfun$slowConnectToBuildServer$3(MetalsLanguageServer.scala:1908)
	at scala.concurrent.Future.$anonfun$flatMap$1(Future.scala:307)
	at scala.concurrent.impl.Promise.$anonfun$transformWith$1(Promise.scala:41)
	at scala.concurrent.impl.CallbackRunnable.run(Promise.scala:64)
	at java.base/java.util.concurrent.ThreadPoolExecutor.runWorker(ThreadPoolExecutor.java:1130)
	at java.base/java.util.concurrent.ThreadPoolExecutor$Worker.run(ThreadPoolExecutor.java:630)
	at java.base/java.lang.Thread.run(Thread.java:832)

[0m2021.05.13 00:37:01 INFO  sbt bloopInstall exit: -2147483648[0m
[0m2021.05.13 00:37:01 INFO  time: ran 'sbt bloopInstall' in 10ms[0m
[0m2021.05.13 00:37:01 INFO  Disconnecting from Bloop session...[0m
[0m2021.05.13 00:37:01 ERROR sbt command failed: /usr/share/sbt/bin/sbt --illegal-access=deny --add-opens java.base/java.util=ALL-UNNAMED --add-opens java.base/java.lang=ALL-UNNAMED -Dbloop.export-jar-classifiers=sources bloopInstall[0m
[0m2021.05.13 00:37:01 INFO  Shut down connection with build server.[0m
No more data in the client stdin, exiting...
No more data in the server stdin, exiting...
No more data in the server stdin, exiting...
[0mNo more data in the server stdin, exiting...
No more data in the server stdin, exiting...
2021.05.13 00:37:01 INFO  Shut down connection with build server.[0m
No more data in the client stdin, exiting...
[0m2021.05.13 00:37:01 INFO  Shut down connection with build server.[0m
No more data in the server stdin, exiting...
No more data in the server stdin, exiting...
No more data in the client stdin, exiting...
[0m2021.05.13 00:37:02 INFO  Attempting to connect to the build server...[0m
Starting the bsp launcher for bloop...
Opening a bsp server connection with 'bsp --protocol local --socket /tmp/bsp-launcher211471253235274759/bsp.socket'...
Waiting for the bsp connection to come up...
[0m[32m[D][0m Loading workspace settings from bloop.settings.json
[0m[32m[D][0m Waiting for a connection at local:///tmp/bsp-launcher211471253235274759/bsp.socket...
The server is listening for incoming connections at local:///tmp/bsp-launcher211471253235274759/bsp.socket...
Starting thread that pumps stdin and redirects it to the bsp server...
Starting thread that pumps server stdout and redirects it to the client stdout...
[0m2021.05.13 00:37:02 INFO  tracing is enabled: /home/andysakov/.cache/metals/bsp.trace.json[0m
[0m2021.05.13 00:37:02 INFO  Attempting to connect to the build server...[0m
Starting the bsp launcher for bloop...
[0m2021.05.13 00:37:02 INFO  Attempting to connect to the build server...[0mOpening a bsp server connection with 'bsp --protocol local --socket /tmp/bsp-launcher14779294039325869379/bsp.socket'...

Starting the bsp launcher for bloop...
Opening a bsp server connection with 'bsp --protocol local --socket /tmp/bsp-launcher1329351460128754483/bsp.socket'...
Waiting for the bsp connection to come up...
Waiting for the bsp connection to come up...
[0m[32m[D][0m Loading workspace settings from bloop.settings.json
[0m[32m[D][0m Waiting for a connection at local:///tmp/bsp-launcher14779294039325869379/bsp.socket...
The server is listening for incoming connections at local:///tmp/bsp-launcher14779294039325869379/bsp.socket...
Starting thread that pumps stdin and redirects it to the bsp server...
Starting thread that pumps server stdout and redirects it to the client stdout...
[0m2021.05.13 00:37:02 INFO [0m[32m[D][0m Loading workspace settings from bloop.settings.json
[0m[32m[D][0m Waiting for a connection at local:///tmp/bsp-launcher1329351460128754483/bsp.socket...
The server is listening for incoming connections at local:///tmp/bsp-launcher1329351460128754483/bsp.socket...
 tracing is enabled: /home/andysakov/.cache/metals/bsp.trace.json[0m
Starting thread that pumps stdin and redirects it to the bsp server...
Starting thread that pumps server stdout and redirects it to the client stdout...
[0m2021.05.13 00:37:02 INFO  tracing is enabled: /home/andysakov/.cache/metals/bsp.trace.json[0m
[0m2021.05.13 00:37:01 INFO  time: Connected to build server in 0.19s[0m
[0m2021.05.13 00:37:01 INFO  Connected to Build server: Bloop v1.4.8-19-4d9f966b[0m
[0m2021.05.13 00:37:01 INFO  time: Imported build in 0.15s[0m
[0m2021.05.13 00:37:02 WARN  Could not find java sources in Some(/usr/lib/jvm/default-runtime/). Java symbols will not be available.[0m
[0m2021.05.13 00:37:02 WARN  Could not find java sources in Some(/usr/lib/jvm/default-runtime/). Java symbols will not be available.[0m
[0m2021.05.13 00:37:02 WARN  Could not find java sources in Some(/usr/lib/jvm/default-runtime/). Java symbols will not be available.[0m
[0m2021.05.13 00:37:01 INFO  running '/usr/share/sbt/bin/sbt --illegal-access=deny --add-opens java.base/java.util=ALL-UNNAMED --add-opens java.base/java.lang=ALL-UNNAMED -Dbloop.export-jar-classifiers=sources bloopInstall'[0m
May 13, 2021 12:37:02 AM com.zaxxer.nuprocess.linux.LinuxProcess start
WARNING: Failed to start process
java.io.IOException: error=2, No such file or directory
	at com.zaxxer.nuprocess.internal.LibJava10.Java_java_lang_ProcessImpl_forkAndExec(Native Method)
	at com.zaxxer.nuprocess.linux.LinuxProcess.prepareProcess(LinuxProcess.java:149)
	at com.zaxxer.nuprocess.linux.LinuxProcess.start(LinuxProcess.java:66)
	at com.zaxxer.nuprocess.linux.LinProcessFactory.createProcess(LinProcessFactory.java:40)
	at com.zaxxer.nuprocess.NuProcessBuilder.start(NuProcessBuilder.java:259)
	at scala.meta.internal.builds.ShellRunner.run(ShellRunner.scala:79)
	at scala.meta.internal.builds.BloopInstall.runArgumentsUnconditionally(BloopInstall.scala:70)
	at scala.meta.internal.builds.BloopInstall.$anonfun$runUnconditionally$1(BloopInstall.scala:44)
	at scala.meta.internal.builds.BloopInstallProvider.bloopInstall(BloopInstallProvider.scala:21)
	at scala.meta.internal.builds.BloopInstallProvider.bloopInstall$(BloopInstallProvider.scala:16)
	at scala.meta.internal.builds.SbtBuildTool.bloopInstall(SbtBuildTool.scala:15)
	at scala.meta.internal.builds.BloopInstall.runUnconditionally(BloopInstall.scala:42)
	at scala.meta.internal.metals.MetalsLanguageServer.slowConnectToBloopServer(MetalsLanguageServer.scala:1925)
	at scala.meta.internal.metals.MetalsLanguageServer.$anonfun$slowConnectToBuildServer$3(MetalsLanguageServer.scala:1908)
	at scala.concurrent.Future.$anonfun$flatMap$1(Future.scala:307)
	at scala.concurrent.impl.Promise.$anonfun$transformWith$1(Promise.scala:41)
	at scala.concurrent.impl.CallbackRunnable.run(Promise.scala:64)
	at java.base/java.util.concurrent.ThreadPoolExecutor.runWorker(ThreadPoolExecutor.java:1130)
	at java.base/java.util.concurrent.ThreadPoolExecutor$Worker.run(ThreadPoolExecutor.java:630)
	at java.base/java.lang.Thread.run(Thread.java:832)

[0m2021.05.13 00:37:01 INFO  sbt bloopInstall exit: -2147483648[0m
[0m2021.05.13 00:37:02 INFO  time: ran 'sbt bloopInstall' in 7ms[0m
[0m2021.05.13 00:37:02 ERROR sbt command failed: /usr/share/sbt/bin/sbt --illegal-access=deny --add-opens java.base/java.util=ALL-UNNAMED --add-opens java.base/java.lang=ALL-UNNAMED -Dbloop.export-jar-classifiers=sources bloopInstall[0m
[0m2021.05.13 00:37:02 INFO  Disconnecting from Bloop session...[0m
[0mNo more data in the server stdin, exiting...
No more data in the server stdin, exiting...
2021.05.13 00:37:02 INFO  Shut down connection with build server.[0m
No more data in the client stdin, exiting...
[0m2021.05.13 00:37:02 INFO  Shut down connection with build server.[0m
No more data in the client stdin, exiting...
No more data in the server stdin, exiting...
No more data in the server stdin, exiting...
[0m2021.05.13 00:37:02 INFO  Shut down connection with build server.[0m
No more data in the client stdin, exiting...
[0m2021.05.13 00:37:01 INFO  Attempting to connect to the build server...[0m
No more data in the server stdin, exiting...
No more data in the server stdin, exiting...
Starting the bsp launcher for bloop...
Opening a bsp server connection with 'bsp --protocol local --socket /tmp/bsp-launcher14745786699220798067/bsp.socket'...
Waiting for the bsp connection to come up...
[0m[32m[D][0m Loading workspace settings from bloop.settings.json
[0m[32m[D][0m Waiting for a connection at local:///tmp/bsp-launcher14745786699220798067/bsp.socket...
The server is listening for incoming connections at local:///tmp/bsp-launcher14745786699220798067/bsp.socket...
Starting thread that pumps stdin and redirects it to the bsp server...
Starting thread that pumps server stdout and redirects it to the client stdout...
[0m2021.05.13 00:37:02 INFO  tracing is enabled: /home/andysakov/.cache/metals/bsp.trace.json[0m
[0m2021.05.13 00:37:02 INFO  Attempting to connect to the build server...[0m
[0m2021.05.13 00:37:02 INFO  Attempting to connect to the build server...[0m
Starting the bsp launcher for bloop...
Opening a bsp server connection with 'bsp --protocol local --socket /tmp/bsp-launcher2787259269369918973/bsp.socket'...
Starting the bsp launcher for bloop...
Opening a bsp server connection with 'bsp --protocol local --socket /tmp/bsp-launcher1984439913295572927/bsp.socket'...
Waiting for the bsp connection to come up...
Waiting for the bsp connection to come up...
[0m[32m[D][0m Loading workspace settings from bloop.settings.json
[0m[32m[D][0m Waiting for a connection at local:///tmp/bsp-launcher2787259269369918973/bsp.socket...
The server is listening for incoming connections at local:///tmp/bsp-launcher2787259269369918973/bsp.socket...
Starting thread that pumps stdin and redirects it to the bsp server...
Starting thread that pumps server stdout and redirects it to the client stdout...
[0m2021.05.13 00:37:02 INFO  tracing is enabled: /home/andysakov/.cache/metals/bsp.trace.json[0m
[0m[32m[D][0m Loading workspace settings from bloop.settings.json
[0m[32m[D][0m Waiting for a connection at local:///tmp/bsp-launcher1984439913295572927/bsp.socket...
The server is listening for incoming connections at local:///tmp/bsp-launcher1984439913295572927/bsp.socket...
Starting thread that pumps stdin and redirects it to the bsp server...
Starting thread that pumps server stdout and redirects it to the client stdout...
[0m2021.05.13 00:37:02 INFO  tracing is enabled: /home/andysakov/.cache/metals/bsp.trace.json[0m
[0m2021.05.13 00:37:02 INFO  time: Connected to build server in 0.23s[0m
[0m2021.05.13 00:37:02 INFO  Connected to Build server: Bloop v1.4.8-19-4d9f966b[0m
[0m2021.05.13 00:37:06 WARN  Could not find java sources in Some(/usr/lib/jvm/default-runtime/). Java symbols will not be available.[0m
[0m2021.05.13 00:37:06 WARN  Could not find java sources in Some(/usr/lib/jvm/default-runtime/). Java symbols will not be available.[0m
May 13, 2021 12:37:37 AM org.eclipse.lsp4j.jsonrpc.services.GenericEndpoint notify
INFO: Unsupported notification method: $/setTraceNotification
[0m2021.05.13 00:37:38 INFO  time: indexed workspace in 1m9s[0m
[0m2021.05.13 00:37:38 INFO  time: indexed workspace in 42s[0m
[0m2021.05.13 00:37:39 INFO  time: indexed workspace in 36s[0m
[0m2021.05.13 00:37:39 INFO  time: indexed workspace in 36s[0m
May 13, 2021 12:37:39 AM org.eclipse.lsp4j.jsonrpc.services.GenericEndpoint notify
INFO: Unsupported notification method: $/setTraceNotification
[0m2021.05.13 00:37:45 INFO  time: indexed workspace in 1m19s[0m
May 13, 2021 12:37:54 AM org.eclipse.lsp4j.jsonrpc.services.GenericEndpoint notify
INFO: Unsupported notification method: $/setTraceNotification
[0m2021.05.13 00:37:58 INFO  shutting down Metals[0m
[0m2021.05.13 00:37:58 INFO  Shut down connection with build server.[0m
[0mNo more data in the client stdin, exiting...
2021.05.13 00:37:58 INFO  Shut down connection with build server.[0m
No more data in the client stdin, exiting...
No more data in the server stdin, exiting...
No more data in the server stdin, exiting...
[0mNo more data in the server stdin, exiting...
No more data in the server stdin, exiting...
2021.05.13 00:37:58 INFO  Shut down connection with build server.[0m
No more data in the client stdin, exiting...
No more data in the server stdin, exiting...
[0m2021.05.13 00:38:40 INFO  Started: Metals version 0.10.2 in workspace '/home/andysakov/Documents/code/scala/projectz/justbuy' for client vscode 1.56.0.[0m
[0m2021.05.13 00:38:43 INFO  time: initialize in 3.31s[0m
[0m2021.05.13 00:38:45 INFO  Attempting to connect to the build server...[0m
Starting the bsp launcher for bloop...
Opening a bsp server connection with 'bsp --protocol local --socket /tmp/bsp-launcher778980775973113152/bsp.socket'...
Waiting for the bsp connection to come up...
[0m[32m[D][0m Loading workspace settings from bloop.settings.json
[0m[32m[D][0m Waiting for a connection at local:///tmp/bsp-launcher778980775973113152/bsp.socket...
The server is listening for incoming connections at local:///tmp/bsp-launcher778980775973113152/bsp.socket...
[0m2021.05.13 00:38:46 INFO  skipping build import with status 'Failed'[0m
Starting thread that pumps stdin and redirects it to the bsp server...
Starting thread that pumps server stdout and redirects it to the client stdout...
[0m2021.05.13 00:38:45 INFO  tracing is enabled: /home/andysakov/.cache/metals/bsp.trace.json[0m
[0m2021.05.13 00:38:46 INFO  Attempting to connect to the build server...[0m
[0m2021.05.13 00:38:46 INFO  Attempting to connect to the build server...[0m
Starting the bsp launcher for bloop...
Opening a bsp server connection with 'bsp --protocol local --socket /tmp/bsp-launcher3902976624215664824/bsp.socket'...
Waiting for the bsp connection to come up...
Starting the bsp launcher for bloop...
Opening a bsp server connection with 'bsp --protocol local --socket /tmp/bsp-launcher6248070879417643091/bsp.socket'...
Waiting for the bsp connection to come up...
[0m[32m[D][0m Loading workspace settings from bloop.settings.json
[0m[32m[D][0m Waiting for a connection at local:///tmp/bsp-launcher3902976624215664824/bsp.socket...
The server is listening for incoming connections at local:///tmp/bsp-launcher3902976624215664824/bsp.socket...
Starting thread that pumps stdin and redirects it to the bsp server...
Starting thread that pumps server stdout and redirects it to the client stdout...
[0m2021.05.13 00:38:46 INFO  tracing is enabled: /home/andysakov/.cache/metals/bsp.trace.json[0m
[0m[32m[D][0m Loading workspace settings from bloop.settings.json
[0m[32m[D][0m Waiting for a connection at local:///tmp/bsp-launcher6248070879417643091/bsp.socket...
The server is listening for incoming connections at local:///tmp/bsp-launcher6248070879417643091/bsp.socket...
Starting thread that pumps stdin and redirects it to the bsp server...
Starting thread that pumps server stdout and redirects it to the client stdout...
[0m2021.05.13 00:38:46 INFO  tracing is enabled: /home/andysakov/.cache/metals/bsp.trace.json[0m
[0m2021.05.13 00:38:46 INFO  time: Connected to build server in 0.89s[0m
[0m2021.05.13 00:38:46 INFO  Connected to Build server: Bloop v1.4.8-19-4d9f966b[0m
[0m2021.05.13 00:38:46 INFO  time: Imported build in 0.14s[0m
[0m2021.05.13 00:38:52 WARN  Could not find java sources in Some(/usr/lib/jvm/default-runtime/). Java symbols will not be available.[0m
[0m2021.05.13 00:38:52 INFO  time: indexed workspace in 6.98s[0m
May 13, 2021 12:39:54 AM org.eclipse.lsp4j.jsonrpc.services.GenericEndpoint notify
INFO: Unsupported notification method: $/setTraceNotification
